13:43:57.177 [main                     ] DEBUG GameApplication      - Logger initialized
13:43:57.193 [main                     ] DEBUG GameApplication      - Logging settings
Title: Untitled
Version: 0.0
Width: 1280
Height: 720
Fullscreen: false
Intro: false
Menus: false
Profiling: false
Single step:false
App Mode: DEVELOPER
Menu Key: ESCAPE
Stage Style: DECORATED
Scene Factory: class com.almasb.fxgl.app.scene.SceneFactory

13:43:57.528 [JavaFX Application Thread] DEBUG GameApplication      - Initializing FXGL
13:43:57.538 [JavaFX Application Thread] INFO  Engine               - FXGL-11.8 (08.03.2020 09.09) on WINDOWS (J:14.0.2 FX:13.0.2)
13:43:57.539 [JavaFX Application Thread] INFO  Engine               - Source code and latest versions at: https://github.com/AlmasB/FXGL
13:43:57.539 [JavaFX Application Thread] INFO  Engine               -              Join the FXGL chat at: https://gitter.im/AlmasB/FXGL
13:43:57.669 [JavaFX Application Thread] DEBUG MainWindow           - Creating a JavaFX scene
13:43:57.723 [JavaFX Application Thread] DEBUG MainWindow           - Target settings size: 1280.0 x 720.0
13:43:57.723 [JavaFX Application Thread] DEBUG MainWindow           - Scaled scene size:    1280.0 x 720.0
13:43:57.723 [JavaFX Application Thread] DEBUG MainWindow           - Scaled ratio: (1.0, 1.0)
13:43:57.725 [JavaFX Application Thread] DEBUG MainWindow           - Set initial scene to FXGLStartupScene
13:43:57.731 [JavaFX Application Thread] DEBUG MainWindow           - Opening main window
13:43:57.807 [JavaFX Application Thread] DEBUG MainWindow           - Window border size: (16.0, 39.0)
13:43:57.807 [JavaFX Application Thread] DEBUG MainWindow           - Scaled size: 1280.0 x 720.0
13:43:57.808 [JavaFX Application Thread] DEBUG MainWindow           - Scaled ratio: (1.0, 1.0)
13:43:57.808 [JavaFX Application Thread] DEBUG MainWindow           - Scene size: 1280.0 x 720.0
13:43:57.808 [JavaFX Application Thread] DEBUG MainWindow           - Stage size: 1296.0 x 759.0
13:43:57.817 [FXGL Background Thread 1 ] DEBUG Engine               - Initializing environment variables
13:43:57.845 [FXGL Background Thread 1 ] DEBUG WindowService        - Applying CSS: fxgl_dark.css
13:43:57.845 [FXGL Background Thread 1 ] DEBUG AssetLoaderService   - Loading from file system: /assets/ui/css/fxgl_dark.css
13:43:57.892 [FXGL Background Thread 1 ] DEBUG WindowService        - Initializing application scenes
13:43:57.931 [FXGL Background Thread 1 ] DEBUG GameWorld            - Game world initialized
13:43:57.974 [FXGL Background Thread 1 ] DEBUG PhysicsWorld         - Physics world initialized: appHeight=720, physics.ppm=50,0
13:43:57.976 [FXGL Background Thread 1 ] DEBUG GameScene            - Game scene initialized: 1280x720
13:43:57.984 [FXGL Background Thread 1 ] DEBUG Input                - Registered new binding: Resume - Esc
13:43:57.989 [FXGL Background Thread 1 ] DEBUG AssetLoaderService   - Loading from file system: /assets/textures/pause_menu_bg.png
13:43:58.048 [FXGL Background Thread 1 ] DEBUG Input                - Registered new binding: Pause - Esc
13:43:58.048 [FXGL Background Thread 1 ] DEBUG WindowService        - Application scenes initialized
13:43:58.059 [FXGL Background Thread 1 ] DEBUG SystemBundleService  - Loading FXGL system data
13:43:58.061 [FXGL Background Thread 1 ] WARN  SystemBundleService  - Failed to load: java.io.FileNotFoundException: C:\Users\Usuario\eclipse-workspace\test\system\fxgl.bundle (El sistema no puede encontrar el archivo especificado)
13:43:58.062 [FXGL Background Thread 1 ] DEBUG SystemBundleService  - Loading default FXGL system data
13:43:58.063 [FXGL Background Thread 1 ] INFO  Engine               - FXGL initialization took: 0,244 sec
13:43:58.065 [FXGL Background Thread 1 ] DEBUG GameApplication      - Loading localizations
13:43:58.065 [FXGL Background Thread 1 ] DEBUG AssetLoaderService   - Loading from file system: /assets/properties/languages/english.properties
13:43:58.068 [FXGL Background Thread 1 ] DEBUG AssetLoaderService   - Loading from file system: /assets/properties/languages/french.properties
13:43:58.070 [FXGL Background Thread 1 ] DEBUG AssetLoaderService   - Loading from file system: /assets/properties/languages/german.properties
13:43:58.072 [FXGL Background Thread 1 ] DEBUG AssetLoaderService   - Loading from file system: /assets/properties/languages/hungarian.properties
13:43:58.074 [FXGL Background Thread 1 ] DEBUG AssetLoaderService   - Loading from file system: /assets/properties/languages/russian.properties
13:43:58.076 [FXGL Background Thread 1 ] DEBUG GameApplication      - Registering font factories with UI factory
13:43:58.076 [FXGL Background Thread 1 ] DEBUG AssetLoaderService   - Loading from file system: /assets/ui/fonts/VarelaRound-Regular.ttf
13:43:58.129 [FXGL Background Thread 1 ] DEBUG AssetLoaderService   - Loading from file system: /assets/ui/fonts/Abel-Regular.ttf
13:43:58.134 [FXGL Background Thread 1 ] DEBUG AssetLoaderService   - Loading from file system: /assets/ui/fonts/lucida_console.ttf
13:43:58.139 [FXGL Background Thread 1 ] DEBUG AssetLoaderService   - Loading from file system: /assets/ui/fonts/Courier-Prime.ttf
13:43:58.145 [JavaFX Application Thread] DEBUG Input                - Registered new binding: Left - A
13:43:58.146 [JavaFX Application Thread] DEBUG Input                - Registered new binding: Right - D
13:43:58.146 [JavaFX Application Thread] DEBUG Input                - Registered new binding: Jump - W
13:43:58.146 [JavaFX Application Thread] DEBUG AssetLoaderService   - Loading from file system: /assets/textures/fxgl_icon.png
13:43:58.169 [JavaFX Application Thread] DEBUG AssetLoaderService   - Loading from file system: /assets/ui/cursors/fxgl_default.png
13:43:58.171 [JavaFX Application Thread] DEBUG Input                - Registered new binding: Screenshot - P
13:43:58.172 [JavaFX Application Thread] DEBUG Input                - Registered new binding: System info dump - CTRL+9
13:43:58.172 [JavaFX Application Thread] DEBUG Input                - Registered new binding: Restart - CTRL+R
13:43:58.173 [JavaFX Application Thread] DEBUG LoopRunner           - Starting loop
13:43:58.189 [JavaFX Application Thread] DEBUG FXGLStartupScene     - STARTUP
13:43:58.189 [JavaFX Application Thread] DEBUG WindowService        - Starting new game
13:43:58.192 [JavaFX Application Thread] DEBUG Input                - Clearing active input actions
13:43:58.208 [JavaFX Application Thread] DEBUG WindowService        - Removing overlay from FXGLStartupScene and adding to FXGLLoadingScene
13:43:58.209 [JavaFX Application Thread] DEBUG MainWindow           - FXGLStartupScene -> FXGLLoadingScene
13:43:58.209 [JavaFX Application Thread] DEBUG WindowService        - Clearing previous game
13:43:58.209 [JavaFX Application Thread] DEBUG GameScene            - Clearing game scene
13:43:58.209 [JavaFX Application Thread] DEBUG GameWorld            - Clearing game world
13:43:58.209 [JavaFX Application Thread] DEBUG PhysicsWorld         - Clearing physics world
13:43:58.211 [FXGL Background Thread 1 ] DEBUG GameApplication      - Initializing game
13:43:58.244 [FXGL Background Thread 1 ] DEBUG Input                - Registered new binding: Close Level End Screen - LMB
13:43:58.253 [FXGL Background Thread 1 ] DEBUG AssetLoaderService   - Loading from file system: /assets/levels/level1.tmx
13:43:58.277 [FXGL Background Thread 1 ] WARN  TMXLevelLoader       - TiledMap generated from 1.7.2. Supported version: 1.2.3. Some features may not be parsed fully.
13:43:58.297 [FXGL Background Thread 1 ] DEBUG TMXLevelLoader       - Parsed raw map: TiledMap(width=40, height=15, tilewidth=70, tileheight=70, orientation=orthogonal, layers=[Layer(width=40, height=15, name=Capa de patrones 1, type=tilelayer, visible=false, x=0, y=0, data=[0, 0, 0, 0, 0, 0, 0, 0, 0, 0, 0, 0, 0, 0, 0, 0, 0, 0, 0, 0, 0, 0, 0, 0, 0, 0, 0, 0, 0, 0, 0, 0, 0, 0, 0, 0, 0, 0, 0, 0, 0, 0, 0, 0, 0, 0, 0, 0, 0, 0, 0, 0, 0, 0, 0, 0, 0, 0, 0, 0, 0, 0, 0, 0, 0, 0, 0, 0, 0, 0, 0, 0, 0, 0, 0, 0, 0, 0, 0, 0, 0, 0, 0, 0, 0, 0, 0, 0, 0, 0, 0, 0, 0, 0, 0, 0, 0, 0, 0, 0, 0, 0, 0, 0, 0, 0, 0, 0, 0, 0, 0, 0, 0, 0, 0, 0, 0, 0, 0, 0, 0, 0, 0, 0, 0, 0, 0, 0, 0, 0, 0, 0, 0, 0, 0, 0, 0, 0, 0, 0, 0, 0, 0, 0, 0, 0, 0, 0, 0, 0, 0, 0, 0, 0, 0, 0, 0, 0, 0, 0, 0, 0, 0, 0, 0, 0, 0, 0, 0, 0, 0, 0, 0, 0, 128, 128, 128, 128, 128, 128, 128, 128, 128, 128, 128, 128, 128, 128, 128, 128, 128, 128, 128, 128, 128, 128, 128, 128, 128, 128, 128, 128, 128, 128, 128, 128, 128, 128, 128, 128, 128, 128, 128, 128, 128, 128, 128, 128, 128, 128, 128, 128, 128, 128, 128, 128, 128, 128, 128, 128, 128, 128, 128, 128, 128, 128, 128, 128, 128, 128, 128, 128, 128, 128, 128, 128, 128, 128, 128, 128, 128, 128, 128, 128, 128, 17, 50, 50, 17, 50, 50, 17, 17, 17, 50, 50, 17, 17, 17, 17, 17, 17, 50, 50, 17, 17, 17, 128, 17, 17, 17, 17, 50, 17, 17, 50, 50, 50, 17, 17, 50, 50, 17, 17, 17, 17, 17, 50, 50, 50, 17, 17, 17, 17, 50, 50, 50, 17, 50, 50, 50, 50, 17, 50, 50, 17, 50, 50, 50, 17, 17, 17, 50, 50, 17, 17, 17, 50, 17, 17, 17, 50, 50, 17, 17, 17, 17, 17, 50, 17, 17, 17, 125, 17, 17, 17, 50, 50, 17, 50, 50, 125, 125, 17, 50, 17, 17, 50, 50, 50, 128, 96, 0, 17, 125, 125, 125, 125, 125, 125, 125, 50, 50, 0, 0, 0, 0, 0, 0, 0, 0, 0, 0, 0, 0, 0, 0, 0, 0, 0, 0, 0, 0, 0, 0, 0, 0, 0, 46, 0, 128, 128, 96, 0, 0, 0, 0, 0, 0, 0, 0, 0, 0, 0, 0, 0, 0, 0, 67, 0, 0, 0, 0, 0, 98, 0, 0, 0, 0, 98, 0, 0, 0, 98, 0, 0, 0, 0, 58, 0, 128, 70, 0, 0, 0, 0, 0, 0, 0, 0, 0, 0, 0, 0, 0, 67, 24, 24, 24, 24, 24, 24, 24, 24, 24, 24, 24, 137, 137, 137, 137, 137, 137, 137, 137, 48, 48, 48, 48, 137, 128, 82, 0, 0, 0, 0, 0, 0, 0, 0, 0, 98, 24, 24, 24, 24, 128, 128, 128, 128, 128, 128, 128, 128, 128, 128, 128, 128, 128, 128, 128, 128, 128, 128, 128, 128, 128, 128, 128, 128, 137, 137, 137, 137, 137, 24, 24, 24, 24, 24, 24, 24, 128, 128, 128, 128, 128, 128, 128, 128, 128, 128, 128, 128, 128, 128, 128, 128, 128, 128, 128, 128, 128, 128, 128, 128, 128, 128, 128, 128, 137, 128, 128, 128, 128, 128, 128, 128, 128, 128, 128, 128, 128, 128, 128, 128, 128, 128, 128, 128, 128, 128, 128, 128, 128, 128, 128, 128, 128, 128, 128, 128, 128, 128, 128, 128, 128, 128, 128, 128], objects=[], opacity=0.0, draworder=), Layer(width=0, height=0, name=Capa de Objetos 1, type=objectgroup, visible=false, x=0, y=0, data=[], objects=[com.almasb.fxgl.entity.level.tiled.TiledObject@781c4c08, com.almasb.fxgl.entity.level.tiled.TiledObject@86c2ea5, com.almasb.fxgl.entity.level.tiled.TiledObject@533b216e, com.almasb.fxgl.entity.level.tiled.TiledObject@13d3a6e3, com.almasb.fxgl.entity.level.tiled.TiledObject@935c49d, com.almasb.fxgl.entity.level.tiled.TiledObject@60c5da18, com.almasb.fxgl.entity.level.tiled.TiledObject@6affa73f, com.almasb.fxgl.entity.level.tiled.TiledObject@6415e03d, com.almasb.fxgl.entity.level.tiled.TiledObject@43a3c10e, com.almasb.fxgl.entity.level.tiled.TiledObject@d78c678, com.almasb.fxgl.entity.level.tiled.TiledObject@1aa94eb7, com.almasb.fxgl.entity.level.tiled.TiledObject@51f641d7, com.almasb.fxgl.entity.level.tiled.TiledObject@c004156, com.almasb.fxgl.entity.level.tiled.TiledObject@47001da8, com.almasb.fxgl.entity.level.tiled.TiledObject@170c2f09], opacity=0.0, draworder=)], tilesets=[Tileset(firstgid=1, image=, name=, tilewidth=0, tileheight=0, imagewidth=0, imageheight=0, margin=0, spacing=0, columns=0, tilecount=0, transparentcolor=, tiles=[])], backgroundcolor=, renderorder=right-down, nextobjectid=17, version=1, tiledversion=1.7.2, type=map, infinite=false, properties={}, propertytypes={})
13:43:58.298 [FXGL Background Thread 1 ] DEBUG TMXLevelLoader       - Creating tile layer entities
13:43:58.299 [FXGL Background Thread 1 ] DEBUG TilesetLoader        - Loading view for layer Capa de patrones 1
13:43:58.307 [FXGL Background Thread 1 ] DEBUG TilesetLoader        - Created buffer with size 2800.0x1050.0
13:43:58.307 [FXGL Background Thread 1 ] WARN  TMXLevelLoader       - Parse error Error: java.lang.IllegalArgumentException: Tileset for gid=128 not found
13:43:58.322 [JavaFX Application Thread] DEBUG LoopRunner           - Stopping loop
13:44:01.065 [FXGL Background Thread 2 ] DEBUG Engine               - Logging environment variables
13:44:01.065 [FXGL Background Thread 2 ] DEBUG Engine               - achievements: []
13:44:01.066 [FXGL Background Thread 2 ] DEBUG Engine               - language: ObjectProperty [value: ENGLISH]
13:44:01.066 [FXGL Background Thread 2 ] DEBUG Engine               - isCloseConfirmation: false
13:44:01.066 [FXGL Background Thread 2 ] DEBUG Engine               - isProfilingEnabled: false
13:44:01.067 [FXGL Background Thread 2 ] DEBUG Engine               - soundNotification: core/notification.wav
13:44:01.067 [FXGL Background Thread 2 ] DEBUG Engine               - devShowBBoxProperty: BooleanProperty [value: false]
13:44:01.067 [FXGL Background Thread 2 ] DEBUG Engine               - pixelsPerMeter: 50.0
13:44:01.068 [FXGL Background Thread 2 ] DEBUG Engine               - soundMenuBack: menu/back.wav
13:44:01.068 [FXGL Background Thread 2 ] DEBUG Engine               - appIcon: fxgl_icon.png
13:44:01.068 [FXGL Background Thread 2 ] DEBUG Engine               - isFullScreenAllowed: false
13:44:01.068 [FXGL Background Thread 2 ] DEBUG Engine               - isIntroEnabled: false
13:44:01.069 [FXGL Background Thread 2 ] DEBUG Engine               - fontMono: lucida_console.ttf
13:44:01.069 [FXGL Background Thread 2 ] DEBUG Engine               - soundMenuSelect: menu/select.wav
13:44:01.069 [FXGL Background Thread 2 ] DEBUG Engine               - isWindows: true
13:44:01.069 [FXGL Background Thread 2 ] DEBUG Engine               - isMobile: false
13:44:01.070 [FXGL Background Thread 2 ] DEBUG Engine               - isUserProfileEnabled: false
13:44:01.070 [FXGL Background Thread 2 ] DEBUG Engine               - height: 720
13:44:01.070 [FXGL Background Thread 2 ] DEBUG Engine               - isExperimentalNative: false
13:44:01.070 [FXGL Background Thread 2 ] DEBUG Engine               - settings: Title: Untitled
Version: 0.0
Width: 1280
Height: 720
Fullscreen: false
Intro: false
Menus: false
Profiling: false
Single step:false
App Mode: DEVELOPER
Menu Key: ESCAPE
Stage Style: DECORATED
Scene Factory: class com.almasb.fxgl.app.scene.SceneFactory

13:44:01.071 [FXGL Background Thread 2 ] DEBUG Engine               - isSingleStep: false
13:44:01.071 [FXGL Background Thread 2 ] DEBUG Engine               - cSSList: [fxgl_dark.css]
13:44:01.071 [FXGL Background Thread 2 ] DEBUG Engine               - fontGame: Abel-Regular.ttf
13:44:01.071 [FXGL Background Thread 2 ] DEBUG Engine               - menuKey: ESCAPE
13:44:01.072 [FXGL Background Thread 2 ] DEBUG Engine               - devShowPositionProperty: BooleanProperty [value: false]
13:44:01.072 [FXGL Background Thread 2 ] DEBUG Engine               - versionCheckDays: 7
13:44:01.072 [FXGL Background Thread 2 ] DEBUG Engine               - configClass: Optional.empty
13:44:01.072 [FXGL Background Thread 2 ] DEBUG Engine               - isFullScreenFromStart: false
13:44:01.073 [FXGL Background Thread 2 ] DEBUG Engine               - version: 0.0
13:44:01.073 [FXGL Background Thread 2 ] DEBUG Engine               - fullScreen: BooleanProperty [value: false]
13:44:01.073 [FXGL Background Thread 2 ] DEBUG Engine               - randomSeed: -1
13:44:01.073 [FXGL Background Thread 2 ] DEBUG Engine               - gameDifficultyProperty: ObjectProperty [value: MEDIUM]
13:44:01.074 [FXGL Background Thread 2 ] DEBUG Engine               - applicationMode: DEVELOPER
13:44:01.074 [FXGL Background Thread 2 ] DEBUG Engine               - isMac: false
13:44:01.074 [FXGL Background Thread 2 ] DEBUG Engine               - isMenuEnabled: false
13:44:01.074 [FXGL Background Thread 2 ] DEBUG Engine               - urlPOM: https://raw.githubusercontent.com/AlmasB/FXGL/master/pom.xml
13:44:01.075 [FXGL Background Thread 2 ] DEBUG Engine               - profileName: StringProperty [value: DEFAULT]
13:44:01.075 [FXGL Background Thread 2 ] DEBUG Engine               - notificationViewClass: class com.almasb.fxgl.notification.view.XboxNotificationView
13:44:01.075 [FXGL Background Thread 2 ] DEBUG Engine               - devSensorColorProperty: ObjectProperty [value: 0xffff00ff]
13:44:01.076 [FXGL Background Thread 2 ] DEBUG Engine               - sceneFactory: com.almasb.fxgl.app.scene.SceneFactory@9204a7e
13:44:01.076 [FXGL Background Thread 2 ] DEBUG Engine               - stageStyle: DECORATED
13:44:01.076 [FXGL Background Thread 2 ] DEBUG Engine               - isManualResizeEnabled: false
13:44:01.076 [FXGL Background Thread 2 ] DEBUG Engine               - title: Untitled
13:44:01.077 [FXGL Background Thread 2 ] DEBUG Engine               - platform: WINDOWS
13:44:01.077 [FXGL Background Thread 2 ] DEBUG Engine               - devBBoxColorProperty: ObjectProperty [value: 0xff0000ff]
13:44:01.077 [FXGL Background Thread 2 ] DEBUG Engine               - gameDifficulty: MEDIUM
13:44:01.077 [FXGL Background Thread 2 ] DEBUG Engine               - isDesktop: true
13:44:01.078 [FXGL Background Thread 2 ] DEBUG Engine               - supportedLanguages: [ENGLISH, FRENCH, GERMAN, HUNGARIAN, RUSSIAN]
13:44:01.078 [FXGL Background Thread 2 ] DEBUG Engine               - credits: []
13:44:01.078 [FXGL Background Thread 2 ] DEBUG Engine               - globalMusicVolumeProperty: DoubleProperty [value: 0.5]
13:44:01.079 [FXGL Background Thread 2 ] DEBUG Engine               - isPreserveResizeRatio: false
13:44:01.079 [FXGL Background Thread 2 ] DEBUG Engine               - fontText: Courier-Prime.ttf
13:44:01.079 [FXGL Background Thread 2 ] DEBUG Engine               - isExperimentalTiledLargeMap: false
13:44:01.080 [FXGL Background Thread 2 ] DEBUG Engine               - secondsIn24h: 60
13:44:01.080 [FXGL Background Thread 2 ] DEBUG Engine               - runtimeInfo: RuntimeInfo(platform=WINDOWS, version=11.8, build=08.03.2020 09.09)
13:44:01.081 [FXGL Background Thread 2 ] DEBUG Engine               - isLinux: false
13:44:01.081 [FXGL Background Thread 2 ] DEBUG Engine               - soundMenuPress: menu/press.wav
13:44:01.082 [FXGL Background Thread 2 ] DEBUG Engine               - urlGithub: https://github.com/AlmasB/FXGL
13:44:01.082 [FXGL Background Thread 2 ] DEBUG Engine               - profileDir: profiles/
13:44:01.082 [FXGL Background Thread 2 ] DEBUG Engine               - isDeveloperMenuEnabled: false
13:44:01.083 [FXGL Background Thread 2 ] DEBUG Engine               - globalSoundVolumeProperty: DoubleProperty [value: 0.5]
13:44:01.083 [FXGL Background Thread 2 ] DEBUG Engine               - mainWindow: com.almasb.fxgl.app.MainWindow@d1fcf82
13:44:01.083 [FXGL Background Thread 2 ] DEBUG Engine               - isBrowser: false
13:44:01.084 [FXGL Background Thread 2 ] DEBUG Engine               - globalSoundVolume: 0.5
13:44:01.084 [FXGL Background Thread 2 ] DEBUG Engine               - urlLeaderboard: http://fxgl-top.herokuapp.com/
13:44:01.084 [FXGL Background Thread 2 ] DEBUG Engine               - engineServices: [class com.almasb.fxgl.app.GameApplication$GameApplicationService, class com.almasb.fxgl.app.services.WindowService, class com.almasb.fxgl.app.services.FXGLDialogService, class com.almasb.fxgl.app.services.IOTaskExecutorService, class com.almasb.fxgl.event.EventBusService, class com.almasb.fxgl.io.FileSystemService, class com.almasb.fxgl.localization.LocalizationService, class com.almasb.fxgl.app.services.AssetLoaderService, class com.almasb.fxgl.app.services.SystemBundleService, class com.almasb.fxgl.profile.SaveLoadService, class com.almasb.fxgl.ui.FXGLUIFactoryServiceProvider, class com.almasb.fxgl.ui.FXGLDialogFactoryServiceProvider, class com.almasb.fxgl.audio.AudioPlayer, class com.almasb.fxgl.notification.impl.NotificationServiceProvider, class com.almasb.fxgl.achievement.AchievementService, class com.almasb.fxgl.cutscene.CutsceneService, class com.almasb.fxgl.minigames.MiniGameService, class com.almasb.fxgl.net.NetService, class com.almasb.fxgl.app.services.UpdaterService]
13:44:01.084 [FXGL Background Thread 2 ] DEBUG Engine               - globalMusicVolume: 0.5
13:44:01.085 [FXGL Background Thread 2 ] DEBUG Engine               - width: 1280
13:44:01.085 [FXGL Background Thread 2 ] DEBUG Engine               - saveFileExt: sav
13:44:01.085 [FXGL Background Thread 2 ] DEBUG Engine               - isAndroid: false
13:44:01.085 [FXGL Background Thread 2 ] DEBUG Engine               - fontUI: VarelaRound-Regular.ttf
13:44:01.086 [FXGL Background Thread 2 ] DEBUG Engine               - enabledMenuItems: []
13:44:01.086 [FXGL Background Thread 2 ] DEBUG Engine               - isIOS: false
13:44:01.086 [FXGL Background Thread 2 ] DEBUG Engine               - Logging services
13:44:01.087 [FXGL Background Thread 2 ] DEBUG Engine               - class com.almasb.fxgl.app.GameApplication$GameApplicationService
13:44:01.087 [FXGL Background Thread 2 ] DEBUG Engine               - class com.almasb.fxgl.app.services.WindowService
13:44:01.087 [FXGL Background Thread 2 ] DEBUG Engine               - class com.almasb.fxgl.app.services.FXGLDialogService
13:44:01.087 [FXGL Background Thread 2 ] DEBUG Engine               - class com.almasb.fxgl.app.services.IOTaskExecutorService
13:44:01.087 [FXGL Background Thread 2 ] DEBUG Engine               - class com.almasb.fxgl.event.EventBusService
13:44:01.088 [FXGL Background Thread 2 ] DEBUG Engine               - class com.almasb.fxgl.io.FileSystemService
13:44:01.088 [FXGL Background Thread 2 ] DEBUG Engine               - class com.almasb.fxgl.localization.LocalizationService
13:44:01.088 [FXGL Background Thread 2 ] DEBUG Engine               - class com.almasb.fxgl.app.services.AssetLoaderService
13:44:01.088 [FXGL Background Thread 2 ] DEBUG Engine               - class com.almasb.fxgl.app.services.SystemBundleService
13:44:01.088 [FXGL Background Thread 2 ] DEBUG Engine               - class com.almasb.fxgl.profile.SaveLoadService
13:44:01.089 [FXGL Background Thread 2 ] DEBUG Engine               - class com.almasb.fxgl.ui.FXGLUIFactoryServiceProvider
13:44:01.089 [FXGL Background Thread 2 ] DEBUG Engine               - class com.almasb.fxgl.ui.FXGLDialogFactoryServiceProvider
13:44:01.089 [FXGL Background Thread 2 ] DEBUG Engine               - class com.almasb.fxgl.audio.AudioPlayer
13:44:01.089 [FXGL Background Thread 2 ] DEBUG Engine               - class com.almasb.fxgl.notification.impl.NotificationServiceProvider
13:44:01.089 [FXGL Background Thread 2 ] DEBUG Engine               - class com.almasb.fxgl.achievement.AchievementService
13:44:01.090 [FXGL Background Thread 2 ] DEBUG Engine               - class com.almasb.fxgl.cutscene.CutsceneService
13:44:01.090 [FXGL Background Thread 2 ] DEBUG Engine               - class com.almasb.fxgl.minigames.MiniGameService
13:44:01.090 [FXGL Background Thread 2 ] DEBUG Engine               - class com.almasb.fxgl.net.NetService
13:44:01.090 [FXGL Background Thread 2 ] DEBUG Engine               - class com.almasb.fxgl.app.services.UpdaterService
13:44:03.533 [JavaFX Application Thread] FATAL GameApplication      - Uncaught Exception:

Fatal exception occurred: java.lang.RuntimeException : Initialization failed
E: com.almasb.fxgl.app.GameApplication$InitAppTask.failed(GameApplication.java:428)
E: javafx.concurrent.Task.setState(Task.java:710)
E: javafx.concurrent.Task$TaskCallable.lambda$call$2(Task.java:1455)
E: com.sun.javafx.application.PlatformImpl.lambda$runLater$10(PlatformImpl.java:428)
E: java.base/java.security.AccessController.doPrivileged(AccessController.java:391)
E: com.sun.javafx.application.PlatformImpl.lambda$runLater$11(PlatformImpl.java:427)
E: com.sun.glass.ui.InvokeLaterDispatcher$Future.run(InvokeLaterDispatcher.java:96)
E: com.sun.glass.ui.win.WinApplication._runLoop(Native Method)
E: com.sun.glass.ui.win.WinApplication.lambda$runLoop$3(WinApplication.java:174)
E: java.base/java.lang.Thread.run(Thread.java:832)

13:44:03.534 [JavaFX Application Thread] FATAL GameApplication      - Application will now exit
13:44:03.534 [JavaFX Application Thread] DEBUG GameApplication      - Exiting FXGL
13:44:03.534 [JavaFX Application Thread] DEBUG GameApplication      - Shutting down background threads
13:44:03.534 [JavaFX Application Thread] DEBUG GameApplication      - Closing logger and exiting JavaFX
