13:36:14.572 [main                     ] DEBUG GameApplication      - Logger initialized
13:36:14.588 [main                     ] DEBUG GameApplication      - Logging settings
Title: Untitled
Version: 0.0
Width: 1280
Height: 720
Fullscreen: false
Intro: false
Menus: false
Profiling: false
Single step:false
App Mode: DEVELOPER
Menu Key: ESCAPE
Stage Style: DECORATED
Scene Factory: class com.almasb.fxgl.app.scene.SceneFactory

13:36:14.917 [JavaFX Application Thread] DEBUG GameApplication      - Initializing FXGL
13:36:14.926 [JavaFX Application Thread] INFO  Engine               - FXGL-11.8 (08.03.2020 09.09) on WINDOWS (J:14.0.2 FX:13.0.2)
13:36:14.927 [JavaFX Application Thread] INFO  Engine               - Source code and latest versions at: https://github.com/AlmasB/FXGL
13:36:14.927 [JavaFX Application Thread] INFO  Engine               -              Join the FXGL chat at: https://gitter.im/AlmasB/FXGL
13:36:15.047 [JavaFX Application Thread] DEBUG MainWindow           - Creating a JavaFX scene
13:36:15.100 [JavaFX Application Thread] DEBUG MainWindow           - Target settings size: 1280.0 x 720.0
13:36:15.100 [JavaFX Application Thread] DEBUG MainWindow           - Scaled scene size:    1280.0 x 720.0
13:36:15.100 [JavaFX Application Thread] DEBUG MainWindow           - Scaled ratio: (1.0, 1.0)
13:36:15.102 [JavaFX Application Thread] DEBUG MainWindow           - Set initial scene to FXGLStartupScene
13:36:15.109 [JavaFX Application Thread] DEBUG MainWindow           - Opening main window
13:36:15.184 [JavaFX Application Thread] DEBUG MainWindow           - Window border size: (16.0, 39.0)
13:36:15.185 [JavaFX Application Thread] DEBUG MainWindow           - Scaled size: 1280.0 x 720.0
13:36:15.185 [JavaFX Application Thread] DEBUG MainWindow           - Scaled ratio: (1.0, 1.0)
13:36:15.185 [JavaFX Application Thread] DEBUG MainWindow           - Scene size: 1280.0 x 720.0
13:36:15.186 [JavaFX Application Thread] DEBUG MainWindow           - Stage size: 1296.0 x 759.0
13:36:15.195 [FXGL Background Thread 1 ] DEBUG Engine               - Initializing environment variables
13:36:15.222 [FXGL Background Thread 1 ] DEBUG WindowService        - Applying CSS: fxgl_dark.css
13:36:15.223 [FXGL Background Thread 1 ] DEBUG AssetLoaderService   - Loading from file system: /assets/ui/css/fxgl_dark.css
13:36:15.268 [FXGL Background Thread 1 ] DEBUG WindowService        - Initializing application scenes
13:36:15.306 [FXGL Background Thread 1 ] DEBUG GameWorld            - Game world initialized
13:36:15.344 [FXGL Background Thread 1 ] DEBUG PhysicsWorld         - Physics world initialized: appHeight=720, physics.ppm=50,0
13:36:15.347 [FXGL Background Thread 1 ] DEBUG GameScene            - Game scene initialized: 1280x720
13:36:15.355 [FXGL Background Thread 1 ] DEBUG Input                - Registered new binding: Resume - Esc
13:36:15.360 [FXGL Background Thread 1 ] DEBUG AssetLoaderService   - Loading from file system: /assets/textures/pause_menu_bg.png
13:36:15.414 [FXGL Background Thread 1 ] DEBUG Input                - Registered new binding: Pause - Esc
13:36:15.415 [FXGL Background Thread 1 ] DEBUG WindowService        - Application scenes initialized
13:36:15.424 [FXGL Background Thread 1 ] DEBUG SystemBundleService  - Loading FXGL system data
13:36:15.427 [FXGL Background Thread 1 ] WARN  SystemBundleService  - Failed to load: java.io.FileNotFoundException: C:\Users\Usuario\eclipse-workspace\test\system\fxgl.bundle (El sistema no puede encontrar el archivo especificado)
13:36:15.428 [FXGL Background Thread 1 ] DEBUG SystemBundleService  - Loading default FXGL system data
13:36:15.428 [FXGL Background Thread 1 ] INFO  Engine               - FXGL initialization took: 0,232 sec
13:36:15.429 [FXGL Background Thread 1 ] DEBUG GameApplication      - Loading localizations
13:36:15.430 [FXGL Background Thread 1 ] DEBUG AssetLoaderService   - Loading from file system: /assets/properties/languages/english.properties
13:36:15.431 [FXGL Background Thread 1 ] DEBUG AssetLoaderService   - Loading from file system: /assets/properties/languages/french.properties
13:36:15.433 [FXGL Background Thread 1 ] DEBUG AssetLoaderService   - Loading from file system: /assets/properties/languages/german.properties
13:36:15.434 [FXGL Background Thread 1 ] DEBUG AssetLoaderService   - Loading from file system: /assets/properties/languages/hungarian.properties
13:36:15.435 [FXGL Background Thread 1 ] DEBUG AssetLoaderService   - Loading from file system: /assets/properties/languages/russian.properties
13:36:15.437 [FXGL Background Thread 1 ] DEBUG GameApplication      - Registering font factories with UI factory
13:36:15.438 [FXGL Background Thread 1 ] DEBUG AssetLoaderService   - Loading from file system: /assets/ui/fonts/VarelaRound-Regular.ttf
13:36:15.484 [FXGL Background Thread 1 ] DEBUG AssetLoaderService   - Loading from file system: /assets/ui/fonts/Abel-Regular.ttf
13:36:15.488 [FXGL Background Thread 1 ] DEBUG AssetLoaderService   - Loading from file system: /assets/ui/fonts/lucida_console.ttf
13:36:15.493 [FXGL Background Thread 1 ] DEBUG AssetLoaderService   - Loading from file system: /assets/ui/fonts/Courier-Prime.ttf
13:36:15.499 [JavaFX Application Thread] DEBUG Input                - Registered new binding: Left - A
13:36:15.499 [JavaFX Application Thread] DEBUG Input                - Registered new binding: Right - D
13:36:15.499 [JavaFX Application Thread] DEBUG Input                - Registered new binding: Jump - W
13:36:15.499 [JavaFX Application Thread] DEBUG AssetLoaderService   - Loading from file system: /assets/textures/fxgl_icon.png
13:36:15.524 [JavaFX Application Thread] DEBUG AssetLoaderService   - Loading from file system: /assets/ui/cursors/fxgl_default.png
13:36:15.528 [JavaFX Application Thread] DEBUG Input                - Registered new binding: Screenshot - P
13:36:15.528 [JavaFX Application Thread] DEBUG Input                - Registered new binding: System info dump - CTRL+9
13:36:15.529 [JavaFX Application Thread] DEBUG Input                - Registered new binding: Restart - CTRL+R
13:36:15.530 [JavaFX Application Thread] DEBUG LoopRunner           - Starting loop
13:36:15.546 [JavaFX Application Thread] DEBUG FXGLStartupScene     - STARTUP
13:36:15.546 [JavaFX Application Thread] DEBUG WindowService        - Starting new game
13:36:15.549 [JavaFX Application Thread] DEBUG Input                - Clearing active input actions
13:36:15.565 [JavaFX Application Thread] DEBUG WindowService        - Removing overlay from FXGLStartupScene and adding to FXGLLoadingScene
13:36:15.566 [JavaFX Application Thread] DEBUG MainWindow           - FXGLStartupScene -> FXGLLoadingScene
13:36:15.566 [JavaFX Application Thread] DEBUG WindowService        - Clearing previous game
13:36:15.566 [JavaFX Application Thread] DEBUG GameScene            - Clearing game scene
13:36:15.567 [JavaFX Application Thread] DEBUG GameWorld            - Clearing game world
13:36:15.567 [JavaFX Application Thread] DEBUG PhysicsWorld         - Clearing physics world
13:36:15.569 [FXGL Background Thread 1 ] DEBUG GameApplication      - Initializing game
13:36:15.600 [FXGL Background Thread 1 ] DEBUG Input                - Registered new binding: Close Level End Screen - LMB
13:36:15.608 [FXGL Background Thread 1 ] DEBUG AssetLoaderService   - Loading from file system: /assets/levels/level0.tmx
13:36:15.636 [FXGL Background Thread 1 ] WARN  TMXLevelLoader       - TiledMap generated from 1.8.0. Supported version: 1.2.3. Some features may not be parsed fully.
13:36:15.645 [FXGL Background Thread 1 ] WARN  TMXLevelLoader       - Parse error Error: java.lang.NumberFormatException: For input string: "2684354632"
13:36:15.666 [JavaFX Application Thread] DEBUG LoopRunner           - Stopping loop
13:36:18.431 [FXGL Background Thread 2 ] DEBUG Engine               - Logging environment variables
13:36:18.431 [FXGL Background Thread 2 ] DEBUG Engine               - achievements: []
13:36:18.432 [FXGL Background Thread 2 ] DEBUG Engine               - language: ObjectProperty [value: ENGLISH]
13:36:18.432 [FXGL Background Thread 2 ] DEBUG Engine               - isCloseConfirmation: false
13:36:18.432 [FXGL Background Thread 2 ] DEBUG Engine               - isProfilingEnabled: false
13:36:18.432 [FXGL Background Thread 2 ] DEBUG Engine               - soundNotification: core/notification.wav
13:36:18.433 [FXGL Background Thread 2 ] DEBUG Engine               - devShowBBoxProperty: BooleanProperty [value: false]
13:36:18.433 [FXGL Background Thread 2 ] DEBUG Engine               - pixelsPerMeter: 50.0
13:36:18.433 [FXGL Background Thread 2 ] DEBUG Engine               - appIcon: fxgl_icon.png
13:36:18.434 [FXGL Background Thread 2 ] DEBUG Engine               - soundMenuBack: menu/back.wav
13:36:18.434 [FXGL Background Thread 2 ] DEBUG Engine               - isFullScreenAllowed: false
13:36:18.434 [FXGL Background Thread 2 ] DEBUG Engine               - isIntroEnabled: false
13:36:18.434 [FXGL Background Thread 2 ] DEBUG Engine               - fontMono: lucida_console.ttf
13:36:18.435 [FXGL Background Thread 2 ] DEBUG Engine               - soundMenuSelect: menu/select.wav
13:36:18.435 [FXGL Background Thread 2 ] DEBUG Engine               - isWindows: true
13:36:18.435 [FXGL Background Thread 2 ] DEBUG Engine               - isMobile: false
13:36:18.435 [FXGL Background Thread 2 ] DEBUG Engine               - isUserProfileEnabled: false
13:36:18.436 [FXGL Background Thread 2 ] DEBUG Engine               - height: 720
13:36:18.436 [FXGL Background Thread 2 ] DEBUG Engine               - isExperimentalNative: false
13:36:18.436 [FXGL Background Thread 2 ] DEBUG Engine               - settings: Title: Untitled
Version: 0.0
Width: 1280
Height: 720
Fullscreen: false
Intro: false
Menus: false
Profiling: false
Single step:false
App Mode: DEVELOPER
Menu Key: ESCAPE
Stage Style: DECORATED
Scene Factory: class com.almasb.fxgl.app.scene.SceneFactory

13:36:18.437 [FXGL Background Thread 2 ] DEBUG Engine               - isSingleStep: false
13:36:18.437 [FXGL Background Thread 2 ] DEBUG Engine               - cSSList: [fxgl_dark.css]
13:36:18.437 [FXGL Background Thread 2 ] DEBUG Engine               - fontGame: Abel-Regular.ttf
13:36:18.438 [FXGL Background Thread 2 ] DEBUG Engine               - menuKey: ESCAPE
13:36:18.438 [FXGL Background Thread 2 ] DEBUG Engine               - devShowPositionProperty: BooleanProperty [value: false]
13:36:18.439 [FXGL Background Thread 2 ] DEBUG Engine               - versionCheckDays: 7
13:36:18.439 [FXGL Background Thread 2 ] DEBUG Engine               - configClass: Optional.empty
13:36:18.439 [FXGL Background Thread 2 ] DEBUG Engine               - isFullScreenFromStart: false
13:36:18.440 [FXGL Background Thread 2 ] DEBUG Engine               - version: 0.0
13:36:18.440 [FXGL Background Thread 2 ] DEBUG Engine               - fullScreen: BooleanProperty [value: false]
13:36:18.440 [FXGL Background Thread 2 ] DEBUG Engine               - randomSeed: -1
13:36:18.440 [FXGL Background Thread 2 ] DEBUG Engine               - gameDifficultyProperty: ObjectProperty [value: MEDIUM]
13:36:18.441 [FXGL Background Thread 2 ] DEBUG Engine               - applicationMode: DEVELOPER
13:36:18.441 [FXGL Background Thread 2 ] DEBUG Engine               - isMac: false
13:36:18.441 [FXGL Background Thread 2 ] DEBUG Engine               - isMenuEnabled: false
13:36:18.441 [FXGL Background Thread 2 ] DEBUG Engine               - urlPOM: https://raw.githubusercontent.com/AlmasB/FXGL/master/pom.xml
13:36:18.442 [FXGL Background Thread 2 ] DEBUG Engine               - profileName: StringProperty [value: DEFAULT]
13:36:18.442 [FXGL Background Thread 2 ] DEBUG Engine               - notificationViewClass: class com.almasb.fxgl.notification.view.XboxNotificationView
13:36:18.443 [FXGL Background Thread 2 ] DEBUG Engine               - devSensorColorProperty: ObjectProperty [value: 0xffff00ff]
13:36:18.443 [FXGL Background Thread 2 ] DEBUG Engine               - sceneFactory: com.almasb.fxgl.app.scene.SceneFactory@6f74bb22
13:36:18.443 [FXGL Background Thread 2 ] DEBUG Engine               - stageStyle: DECORATED
13:36:18.443 [FXGL Background Thread 2 ] DEBUG Engine               - isManualResizeEnabled: false
13:36:18.444 [FXGL Background Thread 2 ] DEBUG Engine               - title: Untitled
13:36:18.444 [FXGL Background Thread 2 ] DEBUG Engine               - platform: WINDOWS
13:36:18.444 [FXGL Background Thread 2 ] DEBUG Engine               - devBBoxColorProperty: ObjectProperty [value: 0xff0000ff]
13:36:18.444 [FXGL Background Thread 2 ] DEBUG Engine               - gameDifficulty: MEDIUM
13:36:18.445 [FXGL Background Thread 2 ] DEBUG Engine               - isDesktop: true
13:36:18.445 [FXGL Background Thread 2 ] DEBUG Engine               - supportedLanguages: [ENGLISH, FRENCH, GERMAN, HUNGARIAN, RUSSIAN]
13:36:18.445 [FXGL Background Thread 2 ] DEBUG Engine               - credits: []
13:36:18.445 [FXGL Background Thread 2 ] DEBUG Engine               - globalMusicVolumeProperty: DoubleProperty [value: 0.5]
13:36:18.446 [FXGL Background Thread 2 ] DEBUG Engine               - isPreserveResizeRatio: false
13:36:18.446 [FXGL Background Thread 2 ] DEBUG Engine               - fontText: Courier-Prime.ttf
13:36:18.446 [FXGL Background Thread 2 ] DEBUG Engine               - isExperimentalTiledLargeMap: false
13:36:18.446 [FXGL Background Thread 2 ] DEBUG Engine               - secondsIn24h: 60
13:36:18.447 [FXGL Background Thread 2 ] DEBUG Engine               - runtimeInfo: RuntimeInfo(platform=WINDOWS, version=11.8, build=08.03.2020 09.09)
13:36:18.447 [FXGL Background Thread 2 ] DEBUG Engine               - isLinux: false
13:36:18.447 [FXGL Background Thread 2 ] DEBUG Engine               - soundMenuPress: menu/press.wav
13:36:18.448 [FXGL Background Thread 2 ] DEBUG Engine               - urlGithub: https://github.com/AlmasB/FXGL
13:36:18.448 [FXGL Background Thread 2 ] DEBUG Engine               - profileDir: profiles/
13:36:18.448 [FXGL Background Thread 2 ] DEBUG Engine               - isDeveloperMenuEnabled: false
13:36:18.448 [FXGL Background Thread 2 ] DEBUG Engine               - globalSoundVolumeProperty: DoubleProperty [value: 0.5]
13:36:18.449 [FXGL Background Thread 2 ] DEBUG Engine               - mainWindow: com.almasb.fxgl.app.MainWindow@6b4b3214
13:36:18.449 [FXGL Background Thread 2 ] DEBUG Engine               - isBrowser: false
13:36:18.449 [FXGL Background Thread 2 ] DEBUG Engine               - globalSoundVolume: 0.5
13:36:18.449 [FXGL Background Thread 2 ] DEBUG Engine               - urlLeaderboard: http://fxgl-top.herokuapp.com/
13:36:18.449 [FXGL Background Thread 2 ] DEBUG Engine               - engineServices: [class com.almasb.fxgl.app.GameApplication$GameApplicationService, class com.almasb.fxgl.app.services.WindowService, class com.almasb.fxgl.app.services.FXGLDialogService, class com.almasb.fxgl.app.services.IOTaskExecutorService, class com.almasb.fxgl.event.EventBusService, class com.almasb.fxgl.io.FileSystemService, class com.almasb.fxgl.localization.LocalizationService, class com.almasb.fxgl.app.services.AssetLoaderService, class com.almasb.fxgl.app.services.SystemBundleService, class com.almasb.fxgl.profile.SaveLoadService, class com.almasb.fxgl.ui.FXGLUIFactoryServiceProvider, class com.almasb.fxgl.ui.FXGLDialogFactoryServiceProvider, class com.almasb.fxgl.audio.AudioPlayer, class com.almasb.fxgl.notification.impl.NotificationServiceProvider, class com.almasb.fxgl.achievement.AchievementService, class com.almasb.fxgl.cutscene.CutsceneService, class com.almasb.fxgl.minigames.MiniGameService, class com.almasb.fxgl.net.NetService, class com.almasb.fxgl.app.services.UpdaterService]
13:36:18.449 [FXGL Background Thread 2 ] DEBUG Engine               - globalMusicVolume: 0.5
13:36:18.450 [FXGL Background Thread 2 ] DEBUG Engine               - width: 1280
13:36:18.450 [FXGL Background Thread 2 ] DEBUG Engine               - saveFileExt: sav
13:36:18.450 [FXGL Background Thread 2 ] DEBUG Engine               - isAndroid: false
13:36:18.450 [FXGL Background Thread 2 ] DEBUG Engine               - fontUI: VarelaRound-Regular.ttf
13:36:18.450 [FXGL Background Thread 2 ] DEBUG Engine               - enabledMenuItems: []
13:36:18.450 [FXGL Background Thread 2 ] DEBUG Engine               - isIOS: false
13:36:18.451 [FXGL Background Thread 2 ] DEBUG Engine               - Logging services
13:36:18.451 [FXGL Background Thread 2 ] DEBUG Engine               - class com.almasb.fxgl.app.GameApplication$GameApplicationService
13:36:18.451 [FXGL Background Thread 2 ] DEBUG Engine               - class com.almasb.fxgl.app.services.WindowService
13:36:18.451 [FXGL Background Thread 2 ] DEBUG Engine               - class com.almasb.fxgl.app.services.FXGLDialogService
13:36:18.451 [FXGL Background Thread 2 ] DEBUG Engine               - class com.almasb.fxgl.app.services.IOTaskExecutorService
13:36:18.451 [FXGL Background Thread 2 ] DEBUG Engine               - class com.almasb.fxgl.event.EventBusService
13:36:18.451 [FXGL Background Thread 2 ] DEBUG Engine               - class com.almasb.fxgl.io.FileSystemService
13:36:18.451 [FXGL Background Thread 2 ] DEBUG Engine               - class com.almasb.fxgl.localization.LocalizationService
13:36:18.452 [FXGL Background Thread 2 ] DEBUG Engine               - class com.almasb.fxgl.app.services.AssetLoaderService
13:36:18.452 [FXGL Background Thread 2 ] DEBUG Engine               - class com.almasb.fxgl.app.services.SystemBundleService
13:36:18.452 [FXGL Background Thread 2 ] DEBUG Engine               - class com.almasb.fxgl.profile.SaveLoadService
13:36:18.452 [FXGL Background Thread 2 ] DEBUG Engine               - class com.almasb.fxgl.ui.FXGLUIFactoryServiceProvider
13:36:18.452 [FXGL Background Thread 2 ] DEBUG Engine               - class com.almasb.fxgl.ui.FXGLDialogFactoryServiceProvider
13:36:18.452 [FXGL Background Thread 2 ] DEBUG Engine               - class com.almasb.fxgl.audio.AudioPlayer
13:36:18.452 [FXGL Background Thread 2 ] DEBUG Engine               - class com.almasb.fxgl.notification.impl.NotificationServiceProvider
13:36:18.452 [FXGL Background Thread 2 ] DEBUG Engine               - class com.almasb.fxgl.achievement.AchievementService
13:36:18.453 [FXGL Background Thread 2 ] DEBUG Engine               - class com.almasb.fxgl.cutscene.CutsceneService
13:36:18.453 [FXGL Background Thread 2 ] DEBUG Engine               - class com.almasb.fxgl.minigames.MiniGameService
13:36:18.453 [FXGL Background Thread 2 ] DEBUG Engine               - class com.almasb.fxgl.net.NetService
13:36:18.453 [FXGL Background Thread 2 ] DEBUG Engine               - class com.almasb.fxgl.app.services.UpdaterService
13:36:56.560 [JavaFX Application Thread] FATAL GameApplication      - Uncaught Exception:

Fatal exception occurred: java.lang.RuntimeException : Initialization failed
E: com.almasb.fxgl.app.GameApplication$InitAppTask.failed(GameApplication.java:428)
E: javafx.concurrent.Task.setState(Task.java:710)
E: javafx.concurrent.Task$TaskCallable.lambda$call$2(Task.java:1455)
E: com.sun.javafx.application.PlatformImpl.lambda$runLater$10(PlatformImpl.java:428)
E: java.base/java.security.AccessController.doPrivileged(AccessController.java:391)
E: com.sun.javafx.application.PlatformImpl.lambda$runLater$11(PlatformImpl.java:427)
E: com.sun.glass.ui.InvokeLaterDispatcher$Future.run(InvokeLaterDispatcher.java:96)
E: com.sun.glass.ui.win.WinApplication._runLoop(Native Method)
E: com.sun.glass.ui.win.WinApplication.lambda$runLoop$3(WinApplication.java:174)
E: java.base/java.lang.Thread.run(Thread.java:832)

13:36:56.561 [JavaFX Application Thread] FATAL GameApplication      - Application will now exit
13:36:56.561 [JavaFX Application Thread] DEBUG GameApplication      - Exiting FXGL
13:36:56.561 [JavaFX Application Thread] DEBUG GameApplication      - Shutting down background threads
13:36:56.562 [JavaFX Application Thread] DEBUG GameApplication      - Closing logger and exiting JavaFX
