19:20:34.787 [main                     ] DEBUG GameApplication      - Logger initialized
19:20:34.798 [main                     ] DEBUG GameApplication      - Logging settings
Title: Untitled
Version: 0.0
Width: 560
Height: 240
Fullscreen: false
Intro: false
Menus: false
Profiling: false
Single step:false
App Mode: DEVELOPER
Menu Key: ESCAPE
Stage Style: DECORATED
Scene Factory: class com.almasb.fxgl.app.SceneFactory
Dialog Factory: class com.almasb.fxgl.ui.FXGLDialogFactory
UI Factory: class com.almasb.fxgl.ui.FXGLUIFactory

19:20:35.096 [JavaFX Application Thread] DEBUG Engine               - Initializing FXGL
19:20:35.096 [JavaFX Application Thread] INFO  Engine               - FXGL-11.7 (05.01.2020 09.37) on WINDOWS (J:14.0.2 FX:11)
19:20:35.096 [JavaFX Application Thread] INFO  Engine               - Source code and latest versions at: https://github.com/AlmasB/FXGL
19:20:35.096 [JavaFX Application Thread] INFO  Engine               -              Join the FXGL chat at: https://gitter.im/AlmasB/FXGL
19:20:35.096 [JavaFX Application Thread] DEBUG Engine               - Initializing environment variables
19:20:35.098 [JavaFX Application Thread] DEBUG Engine               - Logging environment variables
19:20:35.098 [JavaFX Application Thread] DEBUG Engine               - achievements: []
19:20:35.098 [JavaFX Application Thread] DEBUG Engine               - sceneStack: com.almasb.fxgl.app.Engine@442b7d6a
19:20:35.098 [JavaFX Application Thread] DEBUG Engine               - language: ObjectProperty [value: ENGLISH]
19:20:35.099 [JavaFX Application Thread] DEBUG Engine               - isCloseConfirmation: false
19:20:35.099 [JavaFX Application Thread] DEBUG Engine               - isProfilingEnabled: false
19:20:35.099 [JavaFX Application Thread] DEBUG Engine               - soundNotification: core/notification.wav
19:20:35.099 [JavaFX Application Thread] DEBUG Engine               - devShowBBoxProperty: BooleanProperty [value: false]
19:20:35.100 [JavaFX Application Thread] DEBUG Engine               - pixelsPerMeter: 50.0
19:20:35.100 [JavaFX Application Thread] DEBUG Engine               - overlayRoot: Group@35efb82b
19:20:35.100 [JavaFX Application Thread] DEBUG Engine               - soundMenuBack: menu/back.wav
19:20:35.100 [JavaFX Application Thread] DEBUG Engine               - appIcon: fxgl_icon.png
19:20:35.100 [JavaFX Application Thread] DEBUG Engine               - isFullScreenAllowed: false
19:20:35.100 [JavaFX Application Thread] DEBUG Engine               - isIntroEnabled: false
19:20:35.100 [JavaFX Application Thread] DEBUG Engine               - eventBus: com.almasb.fxgl.event.EventBus@30323437
19:20:35.100 [JavaFX Application Thread] DEBUG Engine               - fontMono: lucida_console.ttf
19:20:35.100 [JavaFX Application Thread] DEBUG Engine               - soundMenuSelect: menu/select.wav
19:20:35.101 [JavaFX Application Thread] DEBUG Engine               - isWindows: true
19:20:35.101 [JavaFX Application Thread] DEBUG Engine               - isMobile: false
19:20:35.101 [JavaFX Application Thread] DEBUG Engine               - height: 240
19:20:35.101 [JavaFX Application Thread] DEBUG Engine               - isExperimentalNative: false
19:20:35.101 [JavaFX Application Thread] DEBUG Engine               - isSingleStep: false
19:20:35.101 [JavaFX Application Thread] DEBUG Engine               - cSSList: [fxgl_dark.css]
19:20:35.101 [JavaFX Application Thread] DEBUG Engine               - fontGame: Abel-Regular.ttf
19:20:35.101 [JavaFX Application Thread] DEBUG Engine               - menuKey: ESCAPE
19:20:35.101 [JavaFX Application Thread] DEBUG Engine               - devShowPositionProperty: BooleanProperty [value: false]
19:20:35.102 [JavaFX Application Thread] DEBUG Engine               - versionCheckDays: 7
19:20:35.102 [JavaFX Application Thread] DEBUG Engine               - masterTimer: com.almasb.fxgl.time.Timer@2f6dcf76
19:20:35.102 [JavaFX Application Thread] DEBUG Engine               - configClass: Optional.empty
19:20:35.102 [JavaFX Application Thread] DEBUG Engine               - isFullScreenFromStart: false
19:20:35.102 [JavaFX Application Thread] DEBUG Engine               - version: 0.0
19:20:35.102 [JavaFX Application Thread] DEBUG Engine               - fullScreen: BooleanProperty [value: false]
19:20:35.102 [JavaFX Application Thread] DEBUG Engine               - randomSeed: -1
19:20:35.102 [JavaFX Application Thread] DEBUG Engine               - dialogFactory: com.almasb.fxgl.ui.FXGLDialogFactory@40a5ff11
19:20:35.102 [JavaFX Application Thread] DEBUG Engine               - applicationMode: DEVELOPER
19:20:35.102 [JavaFX Application Thread] DEBUG Engine               - isMac: false
19:20:35.103 [JavaFX Application Thread] DEBUG Engine               - urlGoogleForms: https://goo.gl/forms/6wrMnOBxTE1fEpOy2
19:20:35.103 [JavaFX Application Thread] DEBUG Engine               - isMenuEnabled: false
19:20:35.103 [JavaFX Application Thread] DEBUG Engine               - profileName: user.profile
19:20:35.103 [JavaFX Application Thread] DEBUG Engine               - urlPOM: https://raw.githubusercontent.com/AlmasB/FXGL/master/pom.xml
19:20:35.103 [JavaFX Application Thread] DEBUG Engine               - notificationViewClass: class com.almasb.fxgl.notification.view.XboxNotificationView
19:20:35.103 [JavaFX Application Thread] DEBUG Engine               - devSensorColorProperty: ObjectProperty [value: 0xffff00ff]
19:20:35.103 [JavaFX Application Thread] DEBUG Engine               - sceneFactory: com.almasb.fxgl.app.SceneFactory@84329ce
19:20:35.103 [JavaFX Application Thread] DEBUG Engine               - dataFileExt: .dat
19:20:35.103 [JavaFX Application Thread] DEBUG Engine               - stageStyle: DECORATED
19:20:35.103 [JavaFX Application Thread] DEBUG Engine               - isManualResizeEnabled: false
19:20:35.104 [JavaFX Application Thread] DEBUG Engine               - title: Untitled
19:20:35.104 [JavaFX Application Thread] DEBUG Engine               - platform: WINDOWS
19:20:35.104 [JavaFX Application Thread] DEBUG Engine               - devBBoxColorProperty: ObjectProperty [value: 0xff0000ff]
19:20:35.104 [JavaFX Application Thread] DEBUG Engine               - isDesktop: true
19:20:35.104 [JavaFX Application Thread] DEBUG Engine               - credits: []
19:20:35.104 [JavaFX Application Thread] DEBUG Engine               - globalMusicVolumeProperty: DoubleProperty [value: 0.5]
19:20:35.104 [JavaFX Application Thread] DEBUG Engine               - uIFactory: com.almasb.fxgl.ui.FXGLUIFactory@29f1377d
19:20:35.104 [JavaFX Application Thread] DEBUG Engine               - isPreserveResizeRatio: false
19:20:35.104 [JavaFX Application Thread] DEBUG Engine               - fontText: Courier-Prime.ttf
19:20:35.104 [JavaFX Application Thread] DEBUG Engine               - isExperimentalTiledLargeMap: false
19:20:35.105 [JavaFX Application Thread] DEBUG Engine               - secondsIn24h: 60
19:20:35.105 [JavaFX Application Thread] DEBUG Engine               - runtimeInfo: RuntimeInfo(platform=WINDOWS, version=11.7, build=05.01.2020 09.37)
19:20:35.105 [JavaFX Application Thread] DEBUG Engine               - isLinux: false
19:20:35.105 [JavaFX Application Thread] DEBUG Engine               - soundMenuPress: menu/press.wav
19:20:35.105 [JavaFX Application Thread] DEBUG Engine               - urlGithub: https://github.com/AlmasB/FXGL
19:20:35.105 [JavaFX Application Thread] DEBUG Engine               - profileDir: profiles/
19:20:35.105 [JavaFX Application Thread] DEBUG Engine               - isDeveloperMenuEnabled: false
19:20:35.105 [JavaFX Application Thread] DEBUG Engine               - globalSoundVolumeProperty: DoubleProperty [value: 0.5]
19:20:35.105 [JavaFX Application Thread] DEBUG Engine               - isBrowser: false
19:20:35.106 [JavaFX Application Thread] DEBUG Engine               - urlLeaderboard: http://fxgl-top.herokuapp.com/
19:20:35.106 [JavaFX Application Thread] DEBUG Engine               - globalSoundVolume: 0.5
19:20:35.106 [JavaFX Application Thread] DEBUG Engine               - saveDir: saves/
19:20:35.106 [JavaFX Application Thread] DEBUG Engine               - engineServices: [class com.almasb.fxgl.audio.AudioPlayer, class com.almasb.fxgl.notification.impl.NotificationServiceProvider, class com.almasb.fxgl.achievement.AchievementManager, class com.almasb.fxgl.cutscene.CutsceneService, class com.almasb.fxgl.minigames.MiniGameService]
19:20:35.106 [JavaFX Application Thread] DEBUG Engine               - globalMusicVolume: 0.5
19:20:35.106 [JavaFX Application Thread] DEBUG Engine               - width: 560
19:20:35.106 [JavaFX Application Thread] DEBUG Engine               - saveFileExt: .sav
19:20:35.106 [JavaFX Application Thread] DEBUG Engine               - isAndroid: false
19:20:35.106 [JavaFX Application Thread] DEBUG Engine               - fontUI: VarelaRound-Regular.ttf
19:20:35.106 [JavaFX Application Thread] DEBUG Engine               - enabledMenuItems: []
19:20:35.107 [JavaFX Application Thread] DEBUG Engine               - isIOS: false
19:20:35.108 [JavaFX Application Thread] DEBUG Engine               - Adding new engine service: class com.almasb.fxgl.audio.AudioPlayer
19:20:35.109 [JavaFX Application Thread] DEBUG Engine               - Adding new engine service: class com.almasb.fxgl.notification.impl.NotificationServiceProvider
19:20:35.109 [JavaFX Application Thread] DEBUG Engine               - Adding new engine service: class com.almasb.fxgl.achievement.AchievementManager
19:20:35.110 [JavaFX Application Thread] DEBUG Engine               - Adding new engine service: class com.almasb.fxgl.cutscene.CutsceneService
19:20:35.111 [JavaFX Application Thread] DEBUG Engine               - Adding new engine service: class com.almasb.fxgl.minigames.MiniGameService
19:20:35.112 [JavaFX Application Thread] DEBUG Engine               - Loading localizations
19:20:35.115 [JavaFX Application Thread] DEBUG AssetLoader          - Loading from file system: /assets/properties/languages/english.properties
19:20:35.117 [JavaFX Application Thread] DEBUG AssetLoader          - Loading from file system: /assets/properties/languages/french.properties
19:20:35.118 [JavaFX Application Thread] DEBUG AssetLoader          - Loading from file system: /assets/properties/languages/german.properties
19:20:35.119 [JavaFX Application Thread] DEBUG AssetLoader          - Loading from file system: /assets/properties/languages/russian.properties
19:20:35.120 [JavaFX Application Thread] DEBUG AssetLoader          - Loading from file system: /assets/properties/languages/hungarian.properties
19:20:35.121 [JavaFX Application Thread] DEBUG Engine               - Registering font factories
19:20:35.122 [JavaFX Application Thread] DEBUG AssetLoader          - Loading from file system: /assets/ui/fonts/VarelaRound-Regular.ttf
19:20:35.168 [JavaFX Application Thread] DEBUG AssetLoader          - Loading from file system: /assets/ui/fonts/Abel-Regular.ttf
19:20:35.171 [JavaFX Application Thread] DEBUG AssetLoader          - Loading from file system: /assets/ui/fonts/lucida_console.ttf
19:20:35.174 [JavaFX Application Thread] DEBUG AssetLoader          - Loading from file system: /assets/ui/fonts/Courier-Prime.ttf
19:20:35.177 [JavaFX Application Thread] DEBUG Engine               - Setting UI factory
19:20:35.230 [JavaFX Application Thread] DEBUG AssetLoader          - Loading from file system: /assets/textures/fxgl_logo.png
19:20:35.270 [JavaFX Application Thread] DEBUG MainWindow           - Creating a JavaFX scene
19:20:35.295 [JavaFX Application Thread] DEBUG MainWindow           - Target settings size: 560.0 x 240.0
19:20:35.295 [JavaFX Application Thread] DEBUG MainWindow           - Scaled scene size:    560.0 x 240.0
19:20:35.295 [JavaFX Application Thread] DEBUG MainWindow           - Scaled ratio: (1.0, 1.0)
19:20:35.296 [JavaFX Application Thread] DEBUG MainWindow           - Set initial scene to FXGLStartupScene
19:20:35.300 [JavaFX Application Thread] DEBUG AssetLoader          - Loading from file system: /assets/textures/fxgl_icon.png
19:20:35.308 [JavaFX Application Thread] DEBUG Engine               - Applying CSS: fxgl_dark.css
19:20:35.309 [JavaFX Application Thread] DEBUG AssetLoader          - Loading from file system: /assets/ui/css/fxgl_dark.css
19:20:35.310 [JavaFX Application Thread] DEBUG AssetLoader          - Loading from file system: /assets/ui/cursors/fxgl_default.png
19:20:35.311 [JavaFX Application Thread] DEBUG MainWindow           - Opening main window
19:20:35.399 [JavaFX Application Thread] DEBUG MainWindow           - Window border size: (16.0, 39.0)
19:20:35.399 [JavaFX Application Thread] DEBUG MainWindow           - Scaled size: 560.0 x 240.0
19:20:35.400 [JavaFX Application Thread] DEBUG MainWindow           - Scaled ratio: (1.0, 1.0)
19:20:35.400 [JavaFX Application Thread] DEBUG MainWindow           - Scene size: 560.0 x 240.0
19:20:35.400 [JavaFX Application Thread] DEBUG MainWindow           - Stage size: 576.0 x 279.0
19:20:35.406 [FXGL Background Thread 1 ] DEBUG FS                   - Loaded FSServiceImpl
19:20:35.407 [FXGL Background Thread 1 ] DEBUG Engine               - Loading FXGL system data
19:20:35.411 [FXGL Background Thread 1 ] DEBUG FSServiceImpl        - Reading from: D:\Downloads\PenDrive Clase\2021-2022\DAD\Eclipse\Z-Invasion\Z-Invasion\system\fxgl.bundle
19:20:35.417 [FXGL Background Thread 1 ] DEBUG Engine               - Bundle FXGL: {}
19:20:35.417 [FXGL Background Thread 1 ] DEBUG Engine               - Initializing application scenes
19:20:35.438 [FXGL Background Thread 1 ] DEBUG GameWorld            - Game world initialized
19:20:35.462 [FXGL Background Thread 1 ] DEBUG PhysicsWorld         - Physics world initialized: appHeight=240, physics.ppm=50,0
19:20:35.463 [FXGL Background Thread 1 ] DEBUG GameScene            - Game scene initialized: 560x240
19:20:35.480 [FXGL Background Thread 1 ] DEBUG Input                - Registered new binding: Resume - Esc
19:20:35.480 [FXGL Background Thread 1 ] DEBUG AssetLoader          - Loading from file system: /assets/textures/pause_menu_bg.png
19:20:35.497 [FXGL Background Thread 1 ] DEBUG Input                - Registered new binding: Pause - Esc
19:20:35.497 [FXGL Background Thread 1 ] DEBUG Engine               - Application scenes initialized
19:20:35.498 [JavaFX Application Thread] DEBUG Engine               - Running preInit()
19:20:35.499 [JavaFX Application Thread] DEBUG Input                - Registered new binding: Screenshot - P
19:20:35.499 [JavaFX Application Thread] DEBUG Input                - Registered new binding: System info dump - CTRL+9
19:20:35.499 [JavaFX Application Thread] DEBUG Input                - Registered new binding: Restart - CTRL+R
19:20:35.499 [JavaFX Application Thread] DEBUG Engine               - generateDefaultProfile()
19:20:35.499 [JavaFX Application Thread] DEBUG Engine               - Creating default profile
19:20:35.499 [JavaFX Application Thread] DEBUG EventBus             - Firing event: SaveEvent
19:20:35.507 [JavaFX Application Thread] INFO  Engine               - FXGL initialization took: 0,394 sec
19:20:35.507 [JavaFX Application Thread] DEBUG LoopRunner           - Starting loop
19:20:35.526 [JavaFX Application Thread] DEBUG FXGLStartupScene     - STARTUP
19:20:35.526 [JavaFX Application Thread] DEBUG Engine               - Starting new game
19:20:35.531 [JavaFX Application Thread] DEBUG Input                - Clearing active input actions
19:20:35.531 [FXGL Background Thread 1 ] DEBUG InitAppTask          - Clearing previous game
19:20:35.531 [FXGL Background Thread 1 ] DEBUG GameWorld            - Clearing game world
19:20:35.531 [FXGL Background Thread 1 ] DEBUG PhysicsWorld         - Clearing physics world
19:20:35.531 [FXGL Background Thread 1 ] DEBUG GameScene            - Clearing game scene
19:20:35.531 [FXGL Background Thread 1 ] DEBUG InitAppTask          - Initializing Game
19:20:35.539 [JavaFX Application Thread] DEBUG Engine               - Removing overlay from FXGLStartupScene and adding to LoadingScene
19:20:35.539 [JavaFX Application Thread] DEBUG MainWindow           - FXGLStartupScene -> LoadingScene
19:20:35.544 [FXGL Background Thread 1 ] DEBUG AssetLoader          - Loading from file system: /assets/levels/zombieW1.tmx
19:20:35.563 [FXGL Background Thread 1 ] WARN  TMXLevelLoader       - TiledMap generated from 1.7.2. Supported version: 1.2.3. Some features may not be parsed fully.
19:20:35.574 [FXGL Background Thread 1 ] DEBUG TMXLevelLoader       - Parsed raw map: TiledMap(width=35, height=15, tilewidth=128, tileheight=128, orientation=orthogonal, layers=[Layer(width=35, height=15, name=Capa de patrones 1, type=tilelayer, visible=false, x=0, y=0, data=[0, 0, 0, 0, 0, 0, 0, 0, 0, 0, 0, 0, 0, 0, 0, 0, 0, 0, 0, 0, 0, 0, 0, 0, 0, 0, 0, 0, 0, 0, 0, 0, 0, 0, 0, 0, 0, 0, 0, 0, 0, 0, 0, 0, 0, 0, 0, 0, 0, 0, 0, 0, 0, 0, 0, 0, 0, 0, 0, 0, 0, 0, 0, 0, 0, 0, 0, 0, 0, 0, 0, 0, 0, 0, 0, 0, 0, 0, 0, 0, 0, 0, 0, 0, 0, 0, 0, 0, 0, 0, 0, 0, 0, 0, 0, 0, 0, 0, 0, 0, 0, 0, 0, 0, 0, 0, 0, 0, 0, 0, 0, 0, 0, 0, 0, 0, 0, 0, 0, 0, 0, 0, 0, 0, 0, 0, 0, 0, 0, 0, 0, 0, 0, 0, 0, 0, 0, 0, 0, 0, 0, 0, 0, 0, 0, 0, 0, 0, 0, 0, 0, 0, 0, 0, 0, 0, 0, 0, 0, 0, 0, 0, 0, 0, 0, 0, 0, 0, 0, 0, 0, 0, 0, 0, 0, 0, 0, 0, 0, 0, 0, 0, 0, 0, 0, 0, 0, 0, 0, 0, 0, 0, 0, 0, 0, 0, 0, 0, 0, 0, 0, 0, 0, 0, 0, 0, 0, 0, 0, 0, 0, 0, 0, 0, 0, 0, 0, 0, 0, 0, 0, 0, 0, 0, 0, 0, 0, 0, 0, 0, 0, 0, 0, 0, 0, 0, 0, 0, 0, 0, 0, 0, 0, 0, 0, 0, 0, 0, 0, 0, 0, 0, 0, 0, 0, 0, 0, 0, 0, 0, 0, 0, 0, 0, 0, 0, 0, 0, 0, 0, 0, 0, 0, 0, 0, 0, 0, 0, 0, 0, 0, 0, 0, 0, 0, 0, 0, 0, 0, 0, 0, 0, 0, 0, 0, 0, 0, 0, 0, 0, 0, 0, 0, 0, 10, 15, 15, 20, 0, 0, 0, 0, 0, 0, 0, 0, 0, 0, 0, 0, 0, 0, 0, 0, 0, 0, 0, 0, 0, 0, 0, 0, 0, 0, 0, 10, 15, 15, 20, 0, 0, 0, 0, 0, 0, 0, 0, 0, 0, 0, 3, 8, 8, 8, 8, 8, 8, 8, 8, 11, 0, 8, 8, 8, 8, 8, 8, 8, 8, 8, 0, 0, 0, 0, 0, 0, 0, 0, 0, 0, 0, 0, 21, 0, 0, 13, 13, 13, 13, 13, 13, 13, 13, 13, 13, 0, 13, 13, 13, 13, 13, 13, 13, 13, 13, 0, 0, 0, 0, 0, 0, 0, 0, 0, 10, 15, 15, 20, 0, 0, 13, 13, 13, 13, 13, 13, 13, 13, 13, 13, 0, 13, 13, 13, 13, 13, 13, 13, 13, 13, 0, 0, 0, 0, 0, 0, 0, 0, 0, 0, 0, 0, 0, 0, 0, 13, 0, 13, 13, 13, 13, 13, 13, 13, 0, 0, 0, 0, 13, 13, 13, 13, 13, 13, 13, 0, 0, 0, 0, 0, 0, 0, 0, 0, 0, 0, 0, 0, 0, 0, 0, 0, 13, 13, 13, 13, 13, 13, 0, 0, 0, 0, 0, 13, 13, 13, 13, 13, 13, 0, 0, 0, 0, 0, 0, 0, 0, 0, 0, 0, 0, 0, 0, 0, 0], objects=[], opacity=0.0, draworder=), Layer(width=0, height=0, name=Capa de Objetos 1, type=objectgroup, visible=false, x=0, y=0, data=[], objects=[com.almasb.fxgl.entity.level.tiled.TiledObject@66bbc675, com.almasb.fxgl.entity.level.tiled.TiledObject@3ff08d82, com.almasb.fxgl.entity.level.tiled.TiledObject@508b9251, com.almasb.fxgl.entity.level.tiled.TiledObject@6b49d2ce, com.almasb.fxgl.entity.level.tiled.TiledObject@537929bc, com.almasb.fxgl.entity.level.tiled.TiledObject@68de22cc, com.almasb.fxgl.entity.level.tiled.TiledObject@64cb2c9c, com.almasb.fxgl.entity.level.tiled.TiledObject@41b15d69, com.almasb.fxgl.entity.level.tiled.TiledObject@5b1fb82a, com.almasb.fxgl.entity.level.tiled.TiledObject@424e39c7, com.almasb.fxgl.entity.level.tiled.TiledObject@7fdc42de], opacity=0.0, draworder=), Layer(width=35, height=15, name=Capa de patrones 2, type=tilelayer, visible=false, x=0, y=0, data=[0, 0, 0, 0, 0, 0, 0, 0, 0, 0, 0, 0, 0, 0, 0, 0, 0, 0, 0, 0, 0, 0, 0, 0, 0, 0, 0, 0, 0, 0, 0, 0, 0, 0, 0, 0, 0, 0, 0, 0, 0, 0, 0, 0, 0, 0, 0, 0, 0, 0, 0, 0, 0, 0, 0, 0, 0, 0, 0, 0, 0, 0, 0, 0, 0, 0, 0, 0, 0, 0, 0, 0, 0, 0, 0, 0, 0, 0, 0, 0, 0, 0, 0, 0, 0, 0, 0, 0, 0, 0, 0, 0, 0, 0, 0, 0, 0, 0, 0, 0, 0, 0, 0, 0, 0, 0, 0, 0, 0, 0, 0, 0, 0, 0, 0, 0, 0, 0, 0, 0, 0, 0, 0, 0, 0, 0, 0, 0, 0, 0, 0, 0, 0, 0, 0, 0, 0, 0, 0, 0, 0, 0, 0, 0, 0, 0, 0, 0, 0, 0, 0, 0, 0, 0, 0, 0, 0, 0, 0, 0, 0, 0, 0, 0, 0, 0, 0, 0, 0, 0, 0, 0, 0, 0, 0, 0, 0, 0, 0, 0, 0, 0, 0, 0, 0, 0, 0, 0, 0, 0, 0, 0, 0, 0, 0, 0, 0, 0, 0, 0, 0, 0, 0, 0, 0, 0, 0, 0, 0, 0, 0, 0, 0, 0, 0, 0, 0, 0, 0, 0, 0, 0, 0, 0, 0, 0, 0, 0, 0, 0, 0, 0, 0, 0, 0, 0, 0, 0, 0, 0, 0, 0, 0, 0, 0, 0, 0, 0, 0, 0, 0, 0, 0, 0, 0, 0, 0, 0, 0, 0, 0, 0, 0, 0, 0, 0, 0, 0, 0, 0, 0, 0, 0, 0, 0, 0, 0, 0, 0, 0, 0, 0, 0, 0, 0, 0, 0, 0, 0, 0, 0, 0, 0, 0, 0, 0, 0, 0, 0, 0, 0, 0, 0, 0, 0, 0, 2, 0, 0, 0, 0, 0, 0, 0, 0, 0, 0, 0, 0, 0, 0, 0, 0, 0, 0, 0, 0, 0, 0, 0, 0, 0, 0, 0, 0, 0, 7, 0, 0, 0, 0, 0, 0, 0, 0, 0, 0, 0, 0, 0, 0, 0, 0, 0, 0, 0, 0, 0, 0, 0, 0, 0, 0, 0, 0, 0, 0, 0, 0, 0, 0, 0, 0, 0, 0, 0, 0, 0, 0, 0, 0, 0, 0, 0, 0, 6, 0, 0, 0, 0, 2, 0, 0, 0, 0, 0, 0, 0, 0, 0, 7, 0, 0, 0, 0, 0, 0, 0, 0, 0, 0, 0, 0, 0, 0, 0, 0, 0, 0, 0, 0, 0, 0, 0, 0, 6, 0, 0, 1, 0, 0, 0, 0, 2, 0, 0, 0, 0, 1, 0, 0, 0, 0, 0, 0, 0, 0, 0, 0, 0, 0, 0, 0, 0, 0, 0, 0, 6, 0, 0, 0, 0, 1, 0, 0, 0, 0, 0, 0, 0, 6, 0, 0, 0, 0, 0, 0, 0, 0, 0, 0, 0, 0, 0, 0, 0, 0, 0, 0, 0, 0, 0, 0, 0, 0, 0, 0, 0, 0, 0, 0, 0, 0, 0, 0, 0, 0, 0, 0, 0, 0, 0, 0, 0, 0, 0, 0, 0, 0, 0, 0, 0, 0, 0, 0], objects=[], opacity=0.0, draworder=)], tilesets=[Tileset(firstgid=1, image=cematary.png, name=cematary, tilewidth=128, tileheight=128, imagewidth=740, imageheight=592, margin=0, spacing=15, columns=5, tilecount=20, transparentcolor=), Tileset(firstgid=21, image=gen_anim.png, name=gen_anim, tilewidth=50, tileheight=70, imagewidth=273, imageheight=575, margin=0, spacing=15, columns=4, tilecount=24, transparentcolor=)], backgroundcolor=, renderorder=right-down, nextobjectid=13, version=1, tiledversion=1.7.2, type=map, infinite=false, properties={}, propertytypes={})
19:20:35.575 [FXGL Background Thread 1 ] DEBUG TMXLevelLoader       - Creating tile layer entities
19:20:35.576 [FXGL Background Thread 1 ] DEBUG TilesetLoader        - Loading view for layer Capa de patrones 1
19:20:35.587 [FXGL Background Thread 1 ] DEBUG TilesetLoader        - Created buffer with size 4480.0x1920.0
19:20:35.599 [FXGL Background Thread 1 ] DEBUG TilesetLoader        - Writing to buffer: dst=3072,1024, w=128,h=128, src=572,143
19:20:35.601 [FXGL Background Thread 1 ] DEBUG TilesetLoader        - Writing to buffer: dst=3200,1024, w=128,h=128, src=572,286
19:20:35.601 [FXGL Background Thread 1 ] DEBUG TilesetLoader        - Writing to buffer: dst=3328,1024, w=128,h=128, src=572,286
19:20:35.601 [FXGL Background Thread 1 ] DEBUG TilesetLoader        - Writing to buffer: dst=3456,1024, w=128,h=128, src=572,429
19:20:35.601 [FXGL Background Thread 1 ] DEBUG TilesetLoader        - Writing to buffer: dst=2560,1152, w=128,h=128, src=572,143
19:20:35.601 [FXGL Background Thread 1 ] DEBUG TilesetLoader        - Writing to buffer: dst=2688,1152, w=128,h=128, src=572,286
19:20:35.601 [FXGL Background Thread 1 ] DEBUG TilesetLoader        - Writing to buffer: dst=2816,1152, w=128,h=128, src=572,286
19:20:35.601 [FXGL Background Thread 1 ] DEBUG TilesetLoader        - Writing to buffer: dst=2944,1152, w=128,h=128, src=572,429
19:20:35.601 [FXGL Background Thread 1 ] DEBUG TilesetLoader        - Writing to buffer: dst=0,1280, w=128,h=128, src=286,0
19:20:35.601 [FXGL Background Thread 1 ] DEBUG TilesetLoader        - Writing to buffer: dst=128,1280, w=128,h=128, src=286,143
19:20:35.601 [FXGL Background Thread 1 ] DEBUG TilesetLoader        - Writing to buffer: dst=256,1280, w=128,h=128, src=286,143
19:20:35.602 [FXGL Background Thread 1 ] DEBUG TilesetLoader        - Writing to buffer: dst=384,1280, w=128,h=128, src=286,143
19:20:35.602 [FXGL Background Thread 1 ] DEBUG TilesetLoader        - Writing to buffer: dst=512,1280, w=128,h=128, src=286,143
19:20:35.602 [FXGL Background Thread 1 ] DEBUG TilesetLoader        - Writing to buffer: dst=640,1280, w=128,h=128, src=286,143
19:20:35.602 [FXGL Background Thread 1 ] DEBUG TilesetLoader        - Writing to buffer: dst=768,1280, w=128,h=128, src=286,143
19:20:35.602 [FXGL Background Thread 1 ] DEBUG TilesetLoader        - Writing to buffer: dst=896,1280, w=128,h=128, src=286,143
19:20:35.602 [FXGL Background Thread 1 ] DEBUG TilesetLoader        - Writing to buffer: dst=1024,1280, w=128,h=128, src=286,143
19:20:35.602 [FXGL Background Thread 1 ] DEBUG TilesetLoader        - Writing to buffer: dst=1152,1280, w=128,h=128, src=0,286
19:20:35.602 [FXGL Background Thread 1 ] DEBUG TilesetLoader        - Writing to buffer: dst=1408,1280, w=128,h=128, src=286,143
19:20:35.602 [FXGL Background Thread 1 ] DEBUG TilesetLoader        - Writing to buffer: dst=1536,1280, w=128,h=128, src=286,143
19:20:35.603 [FXGL Background Thread 1 ] DEBUG TilesetLoader        - Writing to buffer: dst=1664,1280, w=128,h=128, src=286,143
19:20:35.603 [FXGL Background Thread 1 ] DEBUG TilesetLoader        - Writing to buffer: dst=1792,1280, w=128,h=128, src=286,143
19:20:35.603 [FXGL Background Thread 1 ] DEBUG TilesetLoader        - Writing to buffer: dst=1920,1280, w=128,h=128, src=286,143
19:20:35.603 [FXGL Background Thread 1 ] DEBUG TilesetLoader        - Writing to buffer: dst=2048,1280, w=128,h=128, src=286,143
19:20:35.603 [FXGL Background Thread 1 ] DEBUG TilesetLoader        - Writing to buffer: dst=2176,1280, w=128,h=128, src=286,143
19:20:35.603 [FXGL Background Thread 1 ] DEBUG TilesetLoader        - Writing to buffer: dst=2304,1280, w=128,h=128, src=286,143
19:20:35.603 [FXGL Background Thread 1 ] DEBUG TilesetLoader        - Writing to buffer: dst=2432,1280, w=128,h=128, src=286,143
19:20:35.606 [FXGL Background Thread 1 ] DEBUG TilesetLoader        - Writing to buffer: dst=4096,1280, w=128,h=128, src=0,0
19:20:35.606 [FXGL Background Thread 1 ] DEBUG TilesetLoader        - Writing to buffer: dst=0,1408, w=128,h=128, src=286,286
19:20:35.606 [FXGL Background Thread 1 ] DEBUG TilesetLoader        - Writing to buffer: dst=128,1408, w=128,h=128, src=286,286
19:20:35.606 [FXGL Background Thread 1 ] DEBUG TilesetLoader        - Writing to buffer: dst=256,1408, w=128,h=128, src=286,286
19:20:35.607 [FXGL Background Thread 1 ] DEBUG TilesetLoader        - Writing to buffer: dst=384,1408, w=128,h=128, src=286,286
19:20:35.607 [FXGL Background Thread 1 ] DEBUG TilesetLoader        - Writing to buffer: dst=512,1408, w=128,h=128, src=286,286
19:20:35.607 [FXGL Background Thread 1 ] DEBUG TilesetLoader        - Writing to buffer: dst=640,1408, w=128,h=128, src=286,286
19:20:35.607 [FXGL Background Thread 1 ] DEBUG TilesetLoader        - Writing to buffer: dst=768,1408, w=128,h=128, src=286,286
19:20:35.607 [FXGL Background Thread 1 ] DEBUG TilesetLoader        - Writing to buffer: dst=896,1408, w=128,h=128, src=286,286
19:20:35.607 [FXGL Background Thread 1 ] DEBUG TilesetLoader        - Writing to buffer: dst=1024,1408, w=128,h=128, src=286,286
19:20:35.607 [FXGL Background Thread 1 ] DEBUG TilesetLoader        - Writing to buffer: dst=1152,1408, w=128,h=128, src=286,286
19:20:35.607 [FXGL Background Thread 1 ] DEBUG TilesetLoader        - Writing to buffer: dst=1408,1408, w=128,h=128, src=286,286
19:20:35.607 [FXGL Background Thread 1 ] DEBUG TilesetLoader        - Writing to buffer: dst=1536,1408, w=128,h=128, src=286,286
19:20:35.608 [FXGL Background Thread 1 ] DEBUG TilesetLoader        - Writing to buffer: dst=1664,1408, w=128,h=128, src=286,286
19:20:35.608 [FXGL Background Thread 1 ] DEBUG TilesetLoader        - Writing to buffer: dst=1792,1408, w=128,h=128, src=286,286
19:20:35.608 [FXGL Background Thread 1 ] DEBUG TilesetLoader        - Writing to buffer: dst=1920,1408, w=128,h=128, src=286,286
19:20:35.608 [FXGL Background Thread 1 ] DEBUG TilesetLoader        - Writing to buffer: dst=2048,1408, w=128,h=128, src=286,286
19:20:35.608 [FXGL Background Thread 1 ] DEBUG TilesetLoader        - Writing to buffer: dst=2176,1408, w=128,h=128, src=286,286
19:20:35.608 [FXGL Background Thread 1 ] DEBUG TilesetLoader        - Writing to buffer: dst=2304,1408, w=128,h=128, src=286,286
19:20:35.608 [FXGL Background Thread 1 ] DEBUG TilesetLoader        - Writing to buffer: dst=2432,1408, w=128,h=128, src=286,286
19:20:35.608 [FXGL Background Thread 1 ] DEBUG TilesetLoader        - Writing to buffer: dst=3712,1408, w=128,h=128, src=572,143
19:20:35.608 [FXGL Background Thread 1 ] DEBUG TilesetLoader        - Writing to buffer: dst=3840,1408, w=128,h=128, src=572,286
19:20:35.608 [FXGL Background Thread 1 ] DEBUG TilesetLoader        - Writing to buffer: dst=3968,1408, w=128,h=128, src=572,286
19:20:35.608 [FXGL Background Thread 1 ] DEBUG TilesetLoader        - Writing to buffer: dst=4096,1408, w=128,h=128, src=572,429
19:20:35.608 [FXGL Background Thread 1 ] DEBUG TilesetLoader        - Writing to buffer: dst=0,1536, w=128,h=128, src=286,286
19:20:35.609 [FXGL Background Thread 1 ] DEBUG TilesetLoader        - Writing to buffer: dst=128,1536, w=128,h=128, src=286,286
19:20:35.609 [FXGL Background Thread 1 ] DEBUG TilesetLoader        - Writing to buffer: dst=256,1536, w=128,h=128, src=286,286
19:20:35.609 [FXGL Background Thread 1 ] DEBUG TilesetLoader        - Writing to buffer: dst=384,1536, w=128,h=128, src=286,286
19:20:35.609 [FXGL Background Thread 1 ] DEBUG TilesetLoader        - Writing to buffer: dst=512,1536, w=128,h=128, src=286,286
19:20:35.609 [FXGL Background Thread 1 ] DEBUG TilesetLoader        - Writing to buffer: dst=640,1536, w=128,h=128, src=286,286
19:20:35.609 [FXGL Background Thread 1 ] DEBUG TilesetLoader        - Writing to buffer: dst=768,1536, w=128,h=128, src=286,286
19:20:35.609 [FXGL Background Thread 1 ] DEBUG TilesetLoader        - Writing to buffer: dst=896,1536, w=128,h=128, src=286,286
19:20:35.609 [FXGL Background Thread 1 ] DEBUG TilesetLoader        - Writing to buffer: dst=1024,1536, w=128,h=128, src=286,286
19:20:35.609 [FXGL Background Thread 1 ] DEBUG TilesetLoader        - Writing to buffer: dst=1152,1536, w=128,h=128, src=286,286
19:20:35.609 [FXGL Background Thread 1 ] DEBUG TilesetLoader        - Writing to buffer: dst=1408,1536, w=128,h=128, src=286,286
19:20:35.609 [FXGL Background Thread 1 ] DEBUG TilesetLoader        - Writing to buffer: dst=1536,1536, w=128,h=128, src=286,286
19:20:35.609 [FXGL Background Thread 1 ] DEBUG TilesetLoader        - Writing to buffer: dst=1664,1536, w=128,h=128, src=286,286
19:20:35.609 [FXGL Background Thread 1 ] DEBUG TilesetLoader        - Writing to buffer: dst=1792,1536, w=128,h=128, src=286,286
19:20:35.610 [FXGL Background Thread 1 ] DEBUG TilesetLoader        - Writing to buffer: dst=1920,1536, w=128,h=128, src=286,286
19:20:35.610 [FXGL Background Thread 1 ] DEBUG TilesetLoader        - Writing to buffer: dst=2048,1536, w=128,h=128, src=286,286
19:20:35.610 [FXGL Background Thread 1 ] DEBUG TilesetLoader        - Writing to buffer: dst=2176,1536, w=128,h=128, src=286,286
19:20:35.610 [FXGL Background Thread 1 ] DEBUG TilesetLoader        - Writing to buffer: dst=2304,1536, w=128,h=128, src=286,286
19:20:35.610 [FXGL Background Thread 1 ] DEBUG TilesetLoader        - Writing to buffer: dst=2432,1536, w=128,h=128, src=286,286
19:20:35.610 [FXGL Background Thread 1 ] DEBUG TilesetLoader        - Writing to buffer: dst=0,1664, w=128,h=128, src=286,286
19:20:35.610 [FXGL Background Thread 1 ] DEBUG TilesetLoader        - Writing to buffer: dst=256,1664, w=128,h=128, src=286,286
19:20:35.610 [FXGL Background Thread 1 ] DEBUG TilesetLoader        - Writing to buffer: dst=384,1664, w=128,h=128, src=286,286
19:20:35.610 [FXGL Background Thread 1 ] DEBUG TilesetLoader        - Writing to buffer: dst=512,1664, w=128,h=128, src=286,286
19:20:35.610 [FXGL Background Thread 1 ] DEBUG TilesetLoader        - Writing to buffer: dst=640,1664, w=128,h=128, src=286,286
19:20:35.610 [FXGL Background Thread 1 ] DEBUG TilesetLoader        - Writing to buffer: dst=768,1664, w=128,h=128, src=286,286
19:20:35.610 [FXGL Background Thread 1 ] DEBUG TilesetLoader        - Writing to buffer: dst=896,1664, w=128,h=128, src=286,286
19:20:35.610 [FXGL Background Thread 1 ] DEBUG TilesetLoader        - Writing to buffer: dst=1024,1664, w=128,h=128, src=286,286
19:20:35.611 [FXGL Background Thread 1 ] DEBUG TilesetLoader        - Writing to buffer: dst=1664,1664, w=128,h=128, src=286,286
19:20:35.611 [FXGL Background Thread 1 ] DEBUG TilesetLoader        - Writing to buffer: dst=1792,1664, w=128,h=128, src=286,286
19:20:35.611 [FXGL Background Thread 1 ] DEBUG TilesetLoader        - Writing to buffer: dst=1920,1664, w=128,h=128, src=286,286
19:20:35.611 [FXGL Background Thread 1 ] DEBUG TilesetLoader        - Writing to buffer: dst=2048,1664, w=128,h=128, src=286,286
19:20:35.611 [FXGL Background Thread 1 ] DEBUG TilesetLoader        - Writing to buffer: dst=2176,1664, w=128,h=128, src=286,286
19:20:35.611 [FXGL Background Thread 1 ] DEBUG TilesetLoader        - Writing to buffer: dst=2304,1664, w=128,h=128, src=286,286
19:20:35.611 [FXGL Background Thread 1 ] DEBUG TilesetLoader        - Writing to buffer: dst=2432,1664, w=128,h=128, src=286,286
19:20:35.611 [FXGL Background Thread 1 ] DEBUG TilesetLoader        - Writing to buffer: dst=256,1792, w=128,h=128, src=286,286
19:20:35.611 [FXGL Background Thread 1 ] DEBUG TilesetLoader        - Writing to buffer: dst=384,1792, w=128,h=128, src=286,286
19:20:35.611 [FXGL Background Thread 1 ] DEBUG TilesetLoader        - Writing to buffer: dst=512,1792, w=128,h=128, src=286,286
19:20:35.611 [FXGL Background Thread 1 ] DEBUG TilesetLoader        - Writing to buffer: dst=640,1792, w=128,h=128, src=286,286
19:20:35.611 [FXGL Background Thread 1 ] DEBUG TilesetLoader        - Writing to buffer: dst=768,1792, w=128,h=128, src=286,286
19:20:35.612 [FXGL Background Thread 1 ] DEBUG TilesetLoader        - Writing to buffer: dst=896,1792, w=128,h=128, src=286,286
19:20:35.612 [FXGL Background Thread 1 ] DEBUG TilesetLoader        - Writing to buffer: dst=1664,1792, w=128,h=128, src=286,286
19:20:35.612 [FXGL Background Thread 1 ] DEBUG TilesetLoader        - Writing to buffer: dst=1792,1792, w=128,h=128, src=286,286
19:20:35.612 [FXGL Background Thread 1 ] DEBUG TilesetLoader        - Writing to buffer: dst=1920,1792, w=128,h=128, src=286,286
19:20:35.612 [FXGL Background Thread 1 ] DEBUG TilesetLoader        - Writing to buffer: dst=2048,1792, w=128,h=128, src=286,286
19:20:35.612 [FXGL Background Thread 1 ] DEBUG TilesetLoader        - Writing to buffer: dst=2176,1792, w=128,h=128, src=286,286
19:20:35.612 [FXGL Background Thread 1 ] DEBUG TilesetLoader        - Writing to buffer: dst=2304,1792, w=128,h=128, src=286,286
19:20:35.613 [FXGL Background Thread 1 ] DEBUG TilesetLoader        - Loading view for layer Capa de patrones 2
19:20:35.626 [FXGL Background Thread 1 ] DEBUG TilesetLoader        - Created buffer with size 4480.0x1920.0
19:20:35.627 [FXGL Background Thread 1 ] DEBUG TilesetLoader        - Writing to buffer: dst=3328,1024, w=128,h=128, src=143,0
19:20:35.627 [FXGL Background Thread 1 ] DEBUG TilesetLoader        - Writing to buffer: dst=2688,1152, w=128,h=128, src=143,143
19:20:35.627 [FXGL Background Thread 1 ] DEBUG TilesetLoader        - Writing to buffer: dst=0,1408, w=128,h=128, src=0,143
19:20:35.627 [FXGL Background Thread 1 ] DEBUG TilesetLoader        - Writing to buffer: dst=640,1408, w=128,h=128, src=143,0
19:20:35.627 [FXGL Background Thread 1 ] DEBUG TilesetLoader        - Writing to buffer: dst=1920,1408, w=128,h=128, src=143,143
19:20:35.627 [FXGL Background Thread 1 ] DEBUG TilesetLoader        - Writing to buffer: dst=640,1536, w=128,h=128, src=0,143
19:20:35.627 [FXGL Background Thread 1 ] DEBUG TilesetLoader        - Writing to buffer: dst=1024,1536, w=128,h=128, src=0,0
19:20:35.627 [FXGL Background Thread 1 ] DEBUG TilesetLoader        - Writing to buffer: dst=1664,1536, w=128,h=128, src=143,0
19:20:35.627 [FXGL Background Thread 1 ] DEBUG TilesetLoader        - Writing to buffer: dst=2304,1536, w=128,h=128, src=0,0
19:20:35.627 [FXGL Background Thread 1 ] DEBUG TilesetLoader        - Writing to buffer: dst=256,1664, w=128,h=128, src=0,143
19:20:35.627 [FXGL Background Thread 1 ] DEBUG TilesetLoader        - Writing to buffer: dst=896,1664, w=128,h=128, src=0,0
19:20:35.628 [FXGL Background Thread 1 ] DEBUG TilesetLoader        - Writing to buffer: dst=1920,1664, w=128,h=128, src=0,143
19:20:35.628 [FXGL Background Thread 1 ] DEBUG TMXLevelLoader       - Creating object layer entities
19:20:35.634 [FXGL Background Thread 1 ] WARN  TMXLevelLoader       - Parse error Error: java.lang.IllegalArgumentException: No EntityFactory has a method annotated @Spawns(door)
19:20:35.636 [JavaFX Application Thread] FATAL Engine               - Uncaught Exception:

Fatal exception occurred: com.almasb.fxgl.entity.level.LevelLoadingException : No EntityFactory has a method annotated @Spawns(door)
E: com.almasb.fxgl.entity.level.tiled.TMXLevelLoader.load(TMXLevelLoader.kt:70)
E: com.almasb.fxgl.app.AssetLoader.loadLevel(AssetLoader.kt:258)
E: com.almasb.fxgl.dsl.FXGL$Companion.setLevelFromMap(FXGL.kt:407)
E: com.almasb.fxgl.dsl.FXGL.setLevelFromMap(FXGL.kt)
E: Proyecto.App.initGame(App.java:29)
E: com.almasb.fxgl.app.LoadingScene$InitAppTask.initGame(LoadingScene.kt:137)
E: com.almasb.fxgl.app.LoadingScene$InitAppTask.call(LoadingScene.kt:106)
E: com.almasb.fxgl.app.LoadingScene$InitAppTask.call(LoadingScene.kt:94)
E: javafx.concurrent.Task$TaskCallable.call(Task.java:1425)
E: java.base/java.util.concurrent.FutureTask.run(FutureTask.java:264)
E: java.base/java.util.concurrent.Executors$RunnableAdapter.call(Executors.java:515)
E: java.base/java.util.concurrent.FutureTask.run(FutureTask.java:264)
E: java.base/java.util.concurrent.ThreadPoolExecutor.runWorker(ThreadPoolExecutor.java:1130)
E: java.base/java.util.concurrent.ThreadPoolExecutor$Worker.run(ThreadPoolExecutor.java:630)
E: java.base/java.lang.Thread.run(Thread.java:832)

19:20:35.636 [JavaFX Application Thread] FATAL Engine               - Application will now exit
19:20:35.636 [JavaFX Application Thread] DEBUG LoopRunner           - Stopping loop
19:20:38.547 [JavaFX Application Thread] DEBUG Engine               - Exiting FXGL
19:20:38.547 [JavaFX Application Thread] DEBUG Engine               - Shutting down background threads
19:20:38.547 [JavaFX Application Thread] DEBUG Engine               - Saving FXGL system data
19:20:38.548 [JavaFX Application Thread] DEBUG FSServiceImpl        - Writing to: D:\Downloads\PenDrive Clase\2021-2022\DAD\Eclipse\Z-Invasion\Z-Invasion\system\fxgl.bundle
19:20:38.549 [JavaFX Application Thread] DEBUG Engine               - Closing logger and exiting JavaFX
