13:21:03.123 [main                     ] DEBUG GameApplication      - Logger initialized
13:21:03.147 [main                     ] DEBUG GameApplication      - Logging settings
Title: Untitled
Version: 0.0
Width: 1066
Height: 600
Fullscreen: false
Intro: false
Menus: false
Profiling: false
Single step:false
App Mode: DEVELOPER
Menu Key: ESCAPE
Stage Style: DECORATED
Scene Factory: class Proyecto.App$1
Dialog Factory: class com.almasb.fxgl.ui.FXGLDialogFactory
UI Factory: class com.almasb.fxgl.ui.FXGLUIFactory

13:21:03.745 [JavaFX Application Thread] DEBUG Engine               - Initializing FXGL
13:21:03.746 [JavaFX Application Thread] INFO  Engine               - FXGL-11.7 (05.01.2020 09.37) on WINDOWS (J:14.0.2 FX:11)
13:21:03.748 [JavaFX Application Thread] INFO  Engine               - Source code and latest versions at: https://github.com/AlmasB/FXGL
13:21:03.750 [JavaFX Application Thread] INFO  Engine               -              Join the FXGL chat at: https://gitter.im/AlmasB/FXGL
13:21:03.750 [JavaFX Application Thread] DEBUG Engine               - Initializing environment variables
13:21:03.755 [JavaFX Application Thread] DEBUG Engine               - Logging environment variables
13:21:03.756 [JavaFX Application Thread] DEBUG Engine               - achievements: []
13:21:03.761 [JavaFX Application Thread] DEBUG Engine               - sceneStack: com.almasb.fxgl.app.Engine@2f88bf42
13:21:03.762 [JavaFX Application Thread] DEBUG Engine               - language: ObjectProperty [value: ENGLISH]
13:21:03.764 [JavaFX Application Thread] DEBUG Engine               - isCloseConfirmation: false
13:21:03.764 [JavaFX Application Thread] DEBUG Engine               - isProfilingEnabled: false
13:21:03.770 [JavaFX Application Thread] DEBUG Engine               - soundNotification: core/notification.wav
13:21:03.770 [JavaFX Application Thread] DEBUG Engine               - devShowBBoxProperty: BooleanProperty [value: false]
13:21:03.772 [JavaFX Application Thread] DEBUG Engine               - pixelsPerMeter: 50.0
13:21:03.773 [JavaFX Application Thread] DEBUG Engine               - overlayRoot: Group@76109117
13:21:03.773 [JavaFX Application Thread] DEBUG Engine               - appIcon: fxgl_icon.png
13:21:03.773 [JavaFX Application Thread] DEBUG Engine               - soundMenuBack: menu/back.wav
13:21:03.774 [JavaFX Application Thread] DEBUG Engine               - isFullScreenAllowed: false
13:21:03.774 [JavaFX Application Thread] DEBUG Engine               - isIntroEnabled: false
13:21:03.775 [JavaFX Application Thread] DEBUG Engine               - eventBus: com.almasb.fxgl.event.EventBus@2c1fc46a
13:21:03.776 [JavaFX Application Thread] DEBUG Engine               - fontMono: lucida_console.ttf
13:21:03.776 [JavaFX Application Thread] DEBUG Engine               - soundMenuSelect: menu/select.wav
13:21:03.776 [JavaFX Application Thread] DEBUG Engine               - isWindows: true
13:21:03.777 [JavaFX Application Thread] DEBUG Engine               - isMobile: false
13:21:03.777 [JavaFX Application Thread] DEBUG Engine               - height: 600
13:21:03.778 [JavaFX Application Thread] DEBUG Engine               - isExperimentalNative: false
13:21:03.778 [JavaFX Application Thread] DEBUG Engine               - cSSList: [fxgl_dark.css]
13:21:03.779 [JavaFX Application Thread] DEBUG Engine               - isSingleStep: false
13:21:03.779 [JavaFX Application Thread] DEBUG Engine               - fontGame: Abel-Regular.ttf
13:21:03.780 [JavaFX Application Thread] DEBUG Engine               - menuKey: ESCAPE
13:21:03.781 [JavaFX Application Thread] DEBUG Engine               - devShowPositionProperty: BooleanProperty [value: false]
13:21:03.781 [JavaFX Application Thread] DEBUG Engine               - versionCheckDays: 7
13:21:03.782 [JavaFX Application Thread] DEBUG Engine               - masterTimer: com.almasb.fxgl.time.Timer@46071c04
13:21:03.782 [JavaFX Application Thread] DEBUG Engine               - configClass: Optional.empty
13:21:03.782 [JavaFX Application Thread] DEBUG Engine               - isFullScreenFromStart: false
13:21:03.783 [JavaFX Application Thread] DEBUG Engine               - version: 0.0
13:21:03.784 [JavaFX Application Thread] DEBUG Engine               - fullScreen: BooleanProperty [value: false]
13:21:03.784 [JavaFX Application Thread] DEBUG Engine               - randomSeed: -1
13:21:03.784 [JavaFX Application Thread] DEBUG Engine               - dialogFactory: com.almasb.fxgl.ui.FXGLDialogFactory@1ac1a701
13:21:03.784 [JavaFX Application Thread] DEBUG Engine               - applicationMode: DEVELOPER
13:21:03.784 [JavaFX Application Thread] DEBUG Engine               - isMac: false
13:21:03.785 [JavaFX Application Thread] DEBUG Engine               - urlGoogleForms: https://goo.gl/forms/6wrMnOBxTE1fEpOy2
13:21:03.785 [JavaFX Application Thread] DEBUG Engine               - isMenuEnabled: false
13:21:03.785 [JavaFX Application Thread] DEBUG Engine               - urlPOM: https://raw.githubusercontent.com/AlmasB/FXGL/master/pom.xml
13:21:03.785 [JavaFX Application Thread] DEBUG Engine               - profileName: user.profile
13:21:03.785 [JavaFX Application Thread] DEBUG Engine               - notificationViewClass: class com.almasb.fxgl.notification.view.XboxNotificationView
13:21:03.786 [JavaFX Application Thread] DEBUG Engine               - devSensorColorProperty: ObjectProperty [value: 0xffff00ff]
13:21:03.786 [JavaFX Application Thread] DEBUG Engine               - sceneFactory: Proyecto.App$1@682b0567
13:21:03.786 [JavaFX Application Thread] DEBUG Engine               - dataFileExt: .dat
13:21:03.786 [JavaFX Application Thread] DEBUG Engine               - stageStyle: DECORATED
13:21:03.787 [JavaFX Application Thread] DEBUG Engine               - isManualResizeEnabled: false
13:21:03.787 [JavaFX Application Thread] DEBUG Engine               - title: Untitled
13:21:03.788 [JavaFX Application Thread] DEBUG Engine               - platform: WINDOWS
13:21:03.788 [JavaFX Application Thread] DEBUG Engine               - devBBoxColorProperty: ObjectProperty [value: 0xff0000ff]
13:21:03.788 [JavaFX Application Thread] DEBUG Engine               - isDesktop: true
13:21:03.789 [JavaFX Application Thread] DEBUG Engine               - credits: []
13:21:03.789 [JavaFX Application Thread] DEBUG Engine               - globalMusicVolumeProperty: DoubleProperty [value: 0.5]
13:21:03.789 [JavaFX Application Thread] DEBUG Engine               - isPreserveResizeRatio: false
13:21:03.789 [JavaFX Application Thread] DEBUG Engine               - uIFactory: com.almasb.fxgl.ui.FXGLUIFactory@3ac5b09c
13:21:03.790 [JavaFX Application Thread] DEBUG Engine               - fontText: Courier-Prime.ttf
13:21:03.790 [JavaFX Application Thread] DEBUG Engine               - isExperimentalTiledLargeMap: false
13:21:03.791 [JavaFX Application Thread] DEBUG Engine               - secondsIn24h: 60
13:21:03.791 [JavaFX Application Thread] DEBUG Engine               - runtimeInfo: RuntimeInfo(platform=WINDOWS, version=11.7, build=05.01.2020 09.37)
13:21:03.792 [JavaFX Application Thread] DEBUG Engine               - isLinux: false
13:21:03.792 [JavaFX Application Thread] DEBUG Engine               - soundMenuPress: menu/press.wav
13:21:03.792 [JavaFX Application Thread] DEBUG Engine               - urlGithub: https://github.com/AlmasB/FXGL
13:21:03.792 [JavaFX Application Thread] DEBUG Engine               - profileDir: profiles/
13:21:03.792 [JavaFX Application Thread] DEBUG Engine               - isDeveloperMenuEnabled: false
13:21:03.793 [JavaFX Application Thread] DEBUG Engine               - globalSoundVolumeProperty: DoubleProperty [value: 0.5]
13:21:03.793 [JavaFX Application Thread] DEBUG Engine               - isBrowser: false
13:21:03.793 [JavaFX Application Thread] DEBUG Engine               - globalSoundVolume: 0.5
13:21:03.793 [JavaFX Application Thread] DEBUG Engine               - urlLeaderboard: http://fxgl-top.herokuapp.com/
13:21:03.793 [JavaFX Application Thread] DEBUG Engine               - saveDir: saves/
13:21:03.794 [JavaFX Application Thread] DEBUG Engine               - engineServices: [class com.almasb.fxgl.audio.AudioPlayer, class com.almasb.fxgl.notification.impl.NotificationServiceProvider, class com.almasb.fxgl.achievement.AchievementManager, class com.almasb.fxgl.cutscene.CutsceneService, class com.almasb.fxgl.minigames.MiniGameService]
13:21:03.794 [JavaFX Application Thread] DEBUG Engine               - globalMusicVolume: 0.5
13:21:03.794 [JavaFX Application Thread] DEBUG Engine               - width: 1066
13:21:03.794 [JavaFX Application Thread] DEBUG Engine               - saveFileExt: .sav
13:21:03.795 [JavaFX Application Thread] DEBUG Engine               - isAndroid: false
13:21:03.795 [JavaFX Application Thread] DEBUG Engine               - fontUI: VarelaRound-Regular.ttf
13:21:03.796 [JavaFX Application Thread] DEBUG Engine               - enabledMenuItems: []
13:21:03.796 [JavaFX Application Thread] DEBUG Engine               - isIOS: false
13:21:03.801 [JavaFX Application Thread] DEBUG Engine               - Adding new engine service: class com.almasb.fxgl.audio.AudioPlayer
13:21:03.803 [JavaFX Application Thread] DEBUG Engine               - Adding new engine service: class com.almasb.fxgl.notification.impl.NotificationServiceProvider
13:21:03.804 [JavaFX Application Thread] DEBUG Engine               - Adding new engine service: class com.almasb.fxgl.achievement.AchievementManager
13:21:03.805 [JavaFX Application Thread] DEBUG Engine               - Adding new engine service: class com.almasb.fxgl.cutscene.CutsceneService
13:21:03.805 [JavaFX Application Thread] DEBUG Engine               - Adding new engine service: class com.almasb.fxgl.minigames.MiniGameService
13:21:03.809 [JavaFX Application Thread] DEBUG Engine               - Loading localizations
13:21:03.814 [JavaFX Application Thread] DEBUG AssetLoader          - Loading from file system: /assets/properties/languages/english.properties
13:21:03.818 [JavaFX Application Thread] DEBUG AssetLoader          - Loading from file system: /assets/properties/languages/french.properties
13:21:03.823 [JavaFX Application Thread] DEBUG AssetLoader          - Loading from file system: /assets/properties/languages/german.properties
13:21:03.826 [JavaFX Application Thread] DEBUG AssetLoader          - Loading from file system: /assets/properties/languages/russian.properties
13:21:03.830 [JavaFX Application Thread] DEBUG AssetLoader          - Loading from file system: /assets/properties/languages/hungarian.properties
13:21:03.837 [JavaFX Application Thread] DEBUG Engine               - Registering font factories
13:21:03.841 [JavaFX Application Thread] DEBUG AssetLoader          - Loading from file system: /assets/ui/fonts/VarelaRound-Regular.ttf
13:21:03.996 [JavaFX Application Thread] DEBUG AssetLoader          - Loading from file system: /assets/ui/fonts/Abel-Regular.ttf
13:21:04.003 [JavaFX Application Thread] DEBUG AssetLoader          - Loading from file system: /assets/ui/fonts/lucida_console.ttf
13:21:04.042 [JavaFX Application Thread] DEBUG AssetLoader          - Loading from file system: /assets/ui/fonts/Courier-Prime.ttf
13:21:04.051 [JavaFX Application Thread] DEBUG Engine               - Setting UI factory
13:21:04.215 [JavaFX Application Thread] DEBUG AssetLoader          - Loading from file system: /assets/textures/fxgl_logo.png
13:21:04.335 [JavaFX Application Thread] DEBUG MainWindow           - Creating a JavaFX scene
13:21:04.405 [JavaFX Application Thread] DEBUG MainWindow           - Target settings size: 1066.0 x 600.0
13:21:04.406 [JavaFX Application Thread] DEBUG MainWindow           - Scaled scene size:    1066.0 x 600.0
13:21:04.406 [JavaFX Application Thread] DEBUG MainWindow           - Scaled ratio: (1.0, 1.0)
13:21:04.411 [JavaFX Application Thread] DEBUG MainWindow           - Set initial scene to FXGLStartupScene
13:21:04.431 [JavaFX Application Thread] DEBUG AssetLoader          - Loading from file system: /assets/textures/fxgl_icon.png
13:21:04.448 [JavaFX Application Thread] DEBUG Engine               - Applying CSS: fxgl_dark.css
13:21:04.450 [JavaFX Application Thread] DEBUG AssetLoader          - Loading from file system: /assets/ui/css/fxgl_dark.css
13:21:04.456 [JavaFX Application Thread] DEBUG AssetLoader          - Loading from file system: /assets/ui/cursors/fxgl_default.png
13:21:04.458 [JavaFX Application Thread] DEBUG MainWindow           - Opening main window
13:21:04.754 [JavaFX Application Thread] DEBUG MainWindow           - Window border size: (16.0, 39.0)
13:21:04.754 [JavaFX Application Thread] DEBUG MainWindow           - Scaled size: 1066.0 x 600.0
13:21:04.754 [JavaFX Application Thread] DEBUG MainWindow           - Scaled ratio: (1.0, 1.0)
13:21:04.754 [JavaFX Application Thread] DEBUG MainWindow           - Scene size: 1066.0 x 600.0
13:21:04.755 [JavaFX Application Thread] DEBUG MainWindow           - Stage size: 1082.0 x 639.0
13:21:04.792 [FXGL Background Thread 1 ] DEBUG FS                   - Loaded FSServiceImpl
13:21:04.792 [FXGL Background Thread 1 ] DEBUG Engine               - Loading FXGL system data
13:21:04.841 [FXGL Background Thread 1 ] DEBUG FSServiceImpl        - Reading from: C:\Users\waser\Documents\DAD\Eclipse\Z-Invasion\Z-Invasion\system\fxgl.bundle
13:21:04.873 [FXGL Background Thread 1 ] DEBUG Engine               - Bundle FXGL: {}
13:21:04.874 [FXGL Background Thread 1 ] DEBUG Engine               - Initializing application scenes
13:21:05.066 [FXGL Background Thread 1 ] DEBUG GameWorld            - Game world initialized
13:21:05.184 [FXGL Background Thread 1 ] DEBUG PhysicsWorld         - Physics world initialized: appHeight=600, physics.ppm=50,0
13:21:05.187 [FXGL Background Thread 1 ] DEBUG GameScene            - Game scene initialized: 1066x600
13:21:05.233 [FXGL Background Thread 1 ] DEBUG Input                - Registered new binding: Resume - Esc
13:21:05.234 [FXGL Background Thread 1 ] DEBUG AssetLoader          - Loading from file system: /assets/textures/pause_menu_bg.png
13:21:05.310 [FXGL Background Thread 1 ] DEBUG Input                - Registered new binding: Pause - Esc
13:21:05.311 [FXGL Background Thread 1 ] DEBUG Engine               - Application scenes initialized
13:21:05.319 [JavaFX Application Thread] DEBUG Engine               - Running preInit()
13:21:05.321 [JavaFX Application Thread] DEBUG Input                - Registered new binding: Screenshot - P
13:21:05.322 [JavaFX Application Thread] DEBUG Input                - Registered new binding: System info dump - CTRL+9
13:21:05.322 [JavaFX Application Thread] DEBUG Input                - Registered new binding: Restart - CTRL+R
13:21:05.322 [JavaFX Application Thread] DEBUG Engine               - generateDefaultProfile()
13:21:05.322 [JavaFX Application Thread] DEBUG Engine               - Creating default profile
13:21:05.323 [JavaFX Application Thread] DEBUG EventBus             - Firing event: SaveEvent
13:21:05.339 [JavaFX Application Thread] INFO  Engine               - FXGL initialization took: 1,530 sec
13:21:05.340 [JavaFX Application Thread] DEBUG LoopRunner           - Starting loop
13:21:05.365 [JavaFX Application Thread] DEBUG FXGLStartupScene     - STARTUP
13:21:05.365 [JavaFX Application Thread] DEBUG Engine               - Starting new game
13:21:05.375 [JavaFX Application Thread] DEBUG Input                - Clearing active input actions
13:21:05.375 [FXGL Background Thread 1 ] DEBUG InitAppTask          - Clearing previous game
13:21:05.375 [FXGL Background Thread 1 ] DEBUG GameWorld            - Clearing game world
13:21:05.376 [FXGL Background Thread 1 ] DEBUG PhysicsWorld         - Clearing physics world
13:21:05.376 [FXGL Background Thread 1 ] DEBUG GameScene            - Clearing game scene
13:21:05.377 [FXGL Background Thread 1 ] DEBUG InitAppTask          - Initializing Game
13:21:05.390 [FXGL Background Thread 1 ] DEBUG InitAppTask          - Initializing Physics
13:21:05.390 [FXGL Background Thread 1 ] DEBUG InitAppTask          - Initializing UI
13:21:05.390 [FXGL Background Thread 1 ] DEBUG InitAppTask          - Initialization Complete
13:21:05.391 [FXGL Background Thread 1 ] INFO  InitAppTask          - Game initialization took: 0,016 sec
13:21:05.403 [JavaFX Application Thread] DEBUG Engine               - Removing overlay from FXGLStartupScene and adding to LoadingScene
13:21:05.404 [JavaFX Application Thread] DEBUG MainWindow           - FXGLStartupScene -> LoadingScene
13:21:05.504 [JavaFX Application Thread] DEBUG Input                - Clearing active input actions
13:21:05.526 [JavaFX Application Thread] DEBUG Engine               - Removing overlay from LoadingScene and adding to GameScene
13:21:05.527 [JavaFX Application Thread] DEBUG MainWindow           - LoadingScene -> GameScene
13:21:24.457 [JavaFX Application Thread] DEBUG Engine               - Exiting FXGL
13:21:24.457 [JavaFX Application Thread] DEBUG Engine               - Shutting down background threads
13:21:24.457 [JavaFX Application Thread] DEBUG Engine               - Saving FXGL system data
13:21:24.461 [JavaFX Application Thread] DEBUG FSServiceImpl        - Writing to: C:\Users\waser\Documents\DAD\Eclipse\Z-Invasion\Z-Invasion\system\fxgl.bundle
13:21:24.463 [JavaFX Application Thread] DEBUG Engine               - Closing logger and exiting JavaFX
