13:47:54.711 [main                     ] DEBUG GameApplication      - Logger initialized
13:47:54.734 [main                     ] DEBUG GameApplication      - Logging settings
Title: Untitled
Version: 0.0
Width: 1066
Height: 600
Fullscreen: false
Intro: false
Menus: false
Profiling: false
Single step:false
App Mode: DEVELOPER
Menu Key: ESCAPE
Stage Style: DECORATED
Scene Factory: class Proyecto.App$1
Dialog Factory: class com.almasb.fxgl.ui.FXGLDialogFactory
UI Factory: class com.almasb.fxgl.ui.FXGLUIFactory

13:47:55.483 [JavaFX Application Thread] DEBUG Engine               - Initializing FXGL
13:47:55.483 [JavaFX Application Thread] INFO  Engine               - FXGL-11.7 (05.01.2020 09.37) on WINDOWS (J:14.0.2 FX:11)
13:47:55.484 [JavaFX Application Thread] INFO  Engine               - Source code and latest versions at: https://github.com/AlmasB/FXGL
13:47:55.484 [JavaFX Application Thread] INFO  Engine               -              Join the FXGL chat at: https://gitter.im/AlmasB/FXGL
13:47:55.485 [JavaFX Application Thread] DEBUG Engine               - Initializing environment variables
13:47:55.489 [JavaFX Application Thread] DEBUG Engine               - Logging environment variables
13:47:55.489 [JavaFX Application Thread] DEBUG Engine               - achievements: []
13:47:55.489 [JavaFX Application Thread] DEBUG Engine               - sceneStack: com.almasb.fxgl.app.Engine@330d8207
13:47:55.490 [JavaFX Application Thread] DEBUG Engine               - language: ObjectProperty [value: ENGLISH]
13:47:55.490 [JavaFX Application Thread] DEBUG Engine               - isCloseConfirmation: false
13:47:55.491 [JavaFX Application Thread] DEBUG Engine               - isProfilingEnabled: false
13:47:55.491 [JavaFX Application Thread] DEBUG Engine               - soundNotification: core/notification.wav
13:47:55.491 [JavaFX Application Thread] DEBUG Engine               - devShowBBoxProperty: BooleanProperty [value: false]
13:47:55.493 [JavaFX Application Thread] DEBUG Engine               - pixelsPerMeter: 50.0
13:47:55.494 [JavaFX Application Thread] DEBUG Engine               - overlayRoot: Group@5544b4b8
13:47:55.494 [JavaFX Application Thread] DEBUG Engine               - appIcon: fxgl_icon.png
13:47:55.494 [JavaFX Application Thread] DEBUG Engine               - soundMenuBack: menu/back.wav
13:47:55.495 [JavaFX Application Thread] DEBUG Engine               - isFullScreenAllowed: false
13:47:55.495 [JavaFX Application Thread] DEBUG Engine               - isIntroEnabled: false
13:47:55.495 [JavaFX Application Thread] DEBUG Engine               - eventBus: com.almasb.fxgl.event.EventBus@30d49811
13:47:55.496 [JavaFX Application Thread] DEBUG Engine               - fontMono: lucida_console.ttf
13:47:55.496 [JavaFX Application Thread] DEBUG Engine               - soundMenuSelect: menu/select.wav
13:47:55.496 [JavaFX Application Thread] DEBUG Engine               - isWindows: true
13:47:55.496 [JavaFX Application Thread] DEBUG Engine               - isMobile: false
13:47:55.497 [JavaFX Application Thread] DEBUG Engine               - height: 600
13:47:55.497 [JavaFX Application Thread] DEBUG Engine               - isExperimentalNative: false
13:47:55.497 [JavaFX Application Thread] DEBUG Engine               - isSingleStep: false
13:47:55.498 [JavaFX Application Thread] DEBUG Engine               - cSSList: [fxgl_dark.css]
13:47:55.498 [JavaFX Application Thread] DEBUG Engine               - fontGame: Abel-Regular.ttf
13:47:55.498 [JavaFX Application Thread] DEBUG Engine               - menuKey: ESCAPE
13:47:55.499 [JavaFX Application Thread] DEBUG Engine               - devShowPositionProperty: BooleanProperty [value: false]
13:47:55.500 [JavaFX Application Thread] DEBUG Engine               - versionCheckDays: 7
13:47:55.500 [JavaFX Application Thread] DEBUG Engine               - masterTimer: com.almasb.fxgl.time.Timer@6f9639b6
13:47:55.500 [JavaFX Application Thread] DEBUG Engine               - configClass: Optional.empty
13:47:55.501 [JavaFX Application Thread] DEBUG Engine               - isFullScreenFromStart: false
13:47:55.501 [JavaFX Application Thread] DEBUG Engine               - version: 0.0
13:47:55.501 [JavaFX Application Thread] DEBUG Engine               - fullScreen: BooleanProperty [value: false]
13:47:55.502 [JavaFX Application Thread] DEBUG Engine               - randomSeed: -1
13:47:55.502 [JavaFX Application Thread] DEBUG Engine               - dialogFactory: com.almasb.fxgl.ui.FXGLDialogFactory@73f8a437
13:47:55.502 [JavaFX Application Thread] DEBUG Engine               - applicationMode: DEVELOPER
13:47:55.502 [JavaFX Application Thread] DEBUG Engine               - isMac: false
13:47:55.503 [JavaFX Application Thread] DEBUG Engine               - urlGoogleForms: https://goo.gl/forms/6wrMnOBxTE1fEpOy2
13:47:55.503 [JavaFX Application Thread] DEBUG Engine               - isMenuEnabled: false
13:47:55.503 [JavaFX Application Thread] DEBUG Engine               - urlPOM: https://raw.githubusercontent.com/AlmasB/FXGL/master/pom.xml
13:47:55.504 [JavaFX Application Thread] DEBUG Engine               - profileName: user.profile
13:47:55.504 [JavaFX Application Thread] DEBUG Engine               - notificationViewClass: class com.almasb.fxgl.notification.view.XboxNotificationView
13:47:55.504 [JavaFX Application Thread] DEBUG Engine               - devSensorColorProperty: ObjectProperty [value: 0xffff00ff]
13:47:55.505 [JavaFX Application Thread] DEBUG Engine               - sceneFactory: Proyecto.App$1@3692f84
13:47:55.505 [JavaFX Application Thread] DEBUG Engine               - dataFileExt: .dat
13:47:55.505 [JavaFX Application Thread] DEBUG Engine               - stageStyle: DECORATED
13:47:55.506 [JavaFX Application Thread] DEBUG Engine               - isManualResizeEnabled: false
13:47:55.506 [JavaFX Application Thread] DEBUG Engine               - title: Untitled
13:47:55.506 [JavaFX Application Thread] DEBUG Engine               - platform: WINDOWS
13:47:55.506 [JavaFX Application Thread] DEBUG Engine               - devBBoxColorProperty: ObjectProperty [value: 0xff0000ff]
13:47:55.507 [JavaFX Application Thread] DEBUG Engine               - isDesktop: true
13:47:55.507 [JavaFX Application Thread] DEBUG Engine               - globalMusicVolumeProperty: DoubleProperty [value: 0.5]
13:47:55.507 [JavaFX Application Thread] DEBUG Engine               - credits: []
13:47:55.508 [JavaFX Application Thread] DEBUG Engine               - isPreserveResizeRatio: false
13:47:55.508 [JavaFX Application Thread] DEBUG Engine               - uIFactory: com.almasb.fxgl.ui.FXGLUIFactory@17e93be8
13:47:55.508 [JavaFX Application Thread] DEBUG Engine               - fontText: Courier-Prime.ttf
13:47:55.508 [JavaFX Application Thread] DEBUG Engine               - isExperimentalTiledLargeMap: false
13:47:55.509 [JavaFX Application Thread] DEBUG Engine               - secondsIn24h: 60
13:47:55.509 [JavaFX Application Thread] DEBUG Engine               - runtimeInfo: RuntimeInfo(platform=WINDOWS, version=11.7, build=05.01.2020 09.37)
13:47:55.509 [JavaFX Application Thread] DEBUG Engine               - isLinux: false
13:47:55.509 [JavaFX Application Thread] DEBUG Engine               - soundMenuPress: menu/press.wav
13:47:55.510 [JavaFX Application Thread] DEBUG Engine               - urlGithub: https://github.com/AlmasB/FXGL
13:47:55.510 [JavaFX Application Thread] DEBUG Engine               - profileDir: profiles/
13:47:55.510 [JavaFX Application Thread] DEBUG Engine               - globalSoundVolumeProperty: DoubleProperty [value: 0.5]
13:47:55.510 [JavaFX Application Thread] DEBUG Engine               - isDeveloperMenuEnabled: false
13:47:55.511 [JavaFX Application Thread] DEBUG Engine               - isBrowser: false
13:47:55.511 [JavaFX Application Thread] DEBUG Engine               - urlLeaderboard: http://fxgl-top.herokuapp.com/
13:47:55.511 [JavaFX Application Thread] DEBUG Engine               - globalSoundVolume: 0.5
13:47:55.511 [JavaFX Application Thread] DEBUG Engine               - saveDir: saves/
13:47:55.511 [JavaFX Application Thread] DEBUG Engine               - engineServices: [class com.almasb.fxgl.audio.AudioPlayer, class com.almasb.fxgl.notification.impl.NotificationServiceProvider, class com.almasb.fxgl.achievement.AchievementManager, class com.almasb.fxgl.cutscene.CutsceneService, class com.almasb.fxgl.minigames.MiniGameService]
13:47:55.512 [JavaFX Application Thread] DEBUG Engine               - globalMusicVolume: 0.5
13:47:55.512 [JavaFX Application Thread] DEBUG Engine               - width: 1066
13:47:55.512 [JavaFX Application Thread] DEBUG Engine               - saveFileExt: .sav
13:47:55.512 [JavaFX Application Thread] DEBUG Engine               - isAndroid: false
13:47:55.512 [JavaFX Application Thread] DEBUG Engine               - fontUI: VarelaRound-Regular.ttf
13:47:55.513 [JavaFX Application Thread] DEBUG Engine               - enabledMenuItems: []
13:47:55.513 [JavaFX Application Thread] DEBUG Engine               - isIOS: false
13:47:55.516 [JavaFX Application Thread] DEBUG Engine               - Adding new engine service: class com.almasb.fxgl.audio.AudioPlayer
13:47:55.518 [JavaFX Application Thread] DEBUG Engine               - Adding new engine service: class com.almasb.fxgl.notification.impl.NotificationServiceProvider
13:47:55.519 [JavaFX Application Thread] DEBUG Engine               - Adding new engine service: class com.almasb.fxgl.achievement.AchievementManager
13:47:55.520 [JavaFX Application Thread] DEBUG Engine               - Adding new engine service: class com.almasb.fxgl.cutscene.CutsceneService
13:47:55.520 [JavaFX Application Thread] DEBUG Engine               - Adding new engine service: class com.almasb.fxgl.minigames.MiniGameService
13:47:55.524 [JavaFX Application Thread] DEBUG Engine               - Loading localizations
13:47:55.527 [JavaFX Application Thread] DEBUG AssetLoader          - Loading from file system: /assets/properties/languages/english.properties
13:47:55.531 [JavaFX Application Thread] DEBUG AssetLoader          - Loading from file system: /assets/properties/languages/french.properties
13:47:55.534 [JavaFX Application Thread] DEBUG AssetLoader          - Loading from file system: /assets/properties/languages/german.properties
13:47:55.537 [JavaFX Application Thread] DEBUG AssetLoader          - Loading from file system: /assets/properties/languages/russian.properties
13:47:55.540 [JavaFX Application Thread] DEBUG AssetLoader          - Loading from file system: /assets/properties/languages/hungarian.properties
13:47:55.544 [JavaFX Application Thread] DEBUG Engine               - Registering font factories
13:47:55.545 [JavaFX Application Thread] DEBUG AssetLoader          - Loading from file system: /assets/ui/fonts/VarelaRound-Regular.ttf
13:47:55.666 [JavaFX Application Thread] DEBUG AssetLoader          - Loading from file system: /assets/ui/fonts/Abel-Regular.ttf
13:47:55.671 [JavaFX Application Thread] DEBUG AssetLoader          - Loading from file system: /assets/ui/fonts/lucida_console.ttf
13:47:55.678 [JavaFX Application Thread] DEBUG AssetLoader          - Loading from file system: /assets/ui/fonts/Courier-Prime.ttf
13:47:55.686 [JavaFX Application Thread] DEBUG Engine               - Setting UI factory
13:47:55.821 [JavaFX Application Thread] DEBUG AssetLoader          - Loading from file system: /assets/textures/fxgl_logo.png
13:47:55.919 [JavaFX Application Thread] DEBUG MainWindow           - Creating a JavaFX scene
13:47:55.979 [JavaFX Application Thread] DEBUG MainWindow           - Target settings size: 1066.0 x 600.0
13:47:55.979 [JavaFX Application Thread] DEBUG MainWindow           - Scaled scene size:    1066.0 x 600.0
13:47:55.979 [JavaFX Application Thread] DEBUG MainWindow           - Scaled ratio: (1.0, 1.0)
13:47:55.982 [JavaFX Application Thread] DEBUG MainWindow           - Set initial scene to FXGLStartupScene
13:47:55.995 [JavaFX Application Thread] DEBUG AssetLoader          - Loading from file system: /assets/textures/fxgl_icon.png
13:47:56.016 [JavaFX Application Thread] DEBUG Engine               - Applying CSS: fxgl_dark.css
13:47:56.017 [JavaFX Application Thread] DEBUG AssetLoader          - Loading from file system: /assets/ui/css/fxgl_dark.css
13:47:56.022 [JavaFX Application Thread] DEBUG AssetLoader          - Loading from file system: /assets/ui/cursors/fxgl_default.png
13:47:56.024 [JavaFX Application Thread] DEBUG MainWindow           - Opening main window
13:47:56.376 [JavaFX Application Thread] DEBUG MainWindow           - Window border size: (16.0, 39.0)
13:47:56.376 [JavaFX Application Thread] DEBUG MainWindow           - Scaled size: 1066.0 x 600.0
13:47:56.376 [JavaFX Application Thread] DEBUG MainWindow           - Scaled ratio: (1.0, 1.0)
13:47:56.377 [JavaFX Application Thread] DEBUG MainWindow           - Scene size: 1066.0 x 600.0
13:47:56.377 [JavaFX Application Thread] DEBUG MainWindow           - Stage size: 1082.0 x 639.0
13:47:56.427 [FXGL Background Thread 1 ] DEBUG FS                   - Loaded FSServiceImpl
13:47:56.428 [FXGL Background Thread 1 ] DEBUG Engine               - Loading FXGL system data
13:47:56.447 [FXGL Background Thread 1 ] DEBUG FSServiceImpl        - Reading from: C:\Users\waser\Documents\DAD\Eclipse\Z-Invasion\Z-Invasion\system\fxgl.bundle
13:47:56.477 [FXGL Background Thread 1 ] DEBUG Engine               - Bundle FXGL: {}
13:47:56.477 [FXGL Background Thread 1 ] DEBUG Engine               - Initializing application scenes
13:47:56.590 [FXGL Background Thread 1 ] DEBUG GameWorld            - Game world initialized
13:47:56.728 [FXGL Background Thread 1 ] DEBUG PhysicsWorld         - Physics world initialized: appHeight=600, physics.ppm=50,0
13:47:56.732 [FXGL Background Thread 1 ] DEBUG GameScene            - Game scene initialized: 1066x600
13:47:56.780 [FXGL Background Thread 1 ] DEBUG Input                - Registered new binding: Resume - Esc
13:47:56.780 [FXGL Background Thread 1 ] DEBUG AssetLoader          - Loading from file system: /assets/textures/pause_menu_bg.png
13:47:56.823 [FXGL Background Thread 1 ] DEBUG Input                - Registered new binding: Pause - Esc
13:47:56.823 [FXGL Background Thread 1 ] DEBUG Engine               - Application scenes initialized
13:47:56.829 [JavaFX Application Thread] DEBUG Engine               - Running preInit()
13:47:56.831 [JavaFX Application Thread] DEBUG Input                - Registered new binding: Screenshot - P
13:47:56.831 [JavaFX Application Thread] DEBUG Input                - Registered new binding: System info dump - CTRL+9
13:47:56.832 [JavaFX Application Thread] DEBUG Input                - Registered new binding: Restart - CTRL+R
13:47:56.832 [JavaFX Application Thread] DEBUG Engine               - generateDefaultProfile()
13:47:56.833 [JavaFX Application Thread] DEBUG Engine               - Creating default profile
13:47:56.833 [JavaFX Application Thread] DEBUG EventBus             - Firing event: SaveEvent
13:47:56.854 [JavaFX Application Thread] INFO  Engine               - FXGL initialization took: 1,330 sec
13:47:56.854 [JavaFX Application Thread] DEBUG LoopRunner           - Starting loop
13:47:56.877 [JavaFX Application Thread] DEBUG FXGLStartupScene     - STARTUP
13:47:56.878 [JavaFX Application Thread] DEBUG Engine               - Starting new game
13:47:56.887 [JavaFX Application Thread] DEBUG Input                - Clearing active input actions
13:47:56.888 [FXGL Background Thread 1 ] DEBUG InitAppTask          - Clearing previous game
13:47:56.889 [FXGL Background Thread 1 ] DEBUG GameWorld            - Clearing game world
13:47:56.889 [FXGL Background Thread 1 ] DEBUG PhysicsWorld         - Clearing physics world
13:47:56.889 [FXGL Background Thread 1 ] DEBUG GameScene            - Clearing game scene
13:47:56.890 [FXGL Background Thread 1 ] DEBUG InitAppTask          - Initializing Game
13:47:56.893 [FXGL Background Thread 1 ] DEBUG InitAppTask          - Initializing Physics
13:47:56.893 [FXGL Background Thread 1 ] DEBUG InitAppTask          - Initializing UI
13:47:56.894 [FXGL Background Thread 1 ] DEBUG InitAppTask          - Initialization Complete
13:47:56.894 [FXGL Background Thread 1 ] INFO  InitAppTask          - Game initialization took: 0,006 sec
13:47:56.912 [JavaFX Application Thread] DEBUG Engine               - Removing overlay from FXGLStartupScene and adding to LoadingScene
13:47:56.913 [JavaFX Application Thread] DEBUG MainWindow           - FXGLStartupScene -> LoadingScene
13:47:57.011 [JavaFX Application Thread] DEBUG Input                - Clearing active input actions
13:47:57.036 [JavaFX Application Thread] DEBUG Engine               - Removing overlay from LoadingScene and adding to GameScene
13:47:57.037 [JavaFX Application Thread] DEBUG MainWindow           - LoadingScene -> GameScene
13:48:02.120 [JavaFX Application Thread] DEBUG Engine               - Exiting FXGL
13:48:02.121 [JavaFX Application Thread] DEBUG Engine               - Shutting down background threads
13:48:02.121 [JavaFX Application Thread] DEBUG Engine               - Saving FXGL system data
13:48:03.456 [JavaFX Application Thread] DEBUG FSServiceImpl        - Writing to: C:\Users\waser\Documents\DAD\Eclipse\Z-Invasion\Z-Invasion\system\fxgl.bundle
13:48:03.521 [JavaFX Application Thread] DEBUG Engine               - Closing logger and exiting JavaFX
